mode: atomic
github.com/helmfile/vals/cmd/vals/main.go:20.18,38.2 2 0
github.com/helmfile/vals/cmd/vals/main.go:40.48,43.2 2 0
github.com/helmfile/vals/cmd/vals/main.go:45.45,47.16 2 0
github.com/helmfile/vals/cmd/vals/main.go:47.16,49.3 1 0
github.com/helmfile/vals/cmd/vals/main.go:50.2,50.14 1 0
github.com/helmfile/vals/cmd/vals/main.go:53.51,55.21 2 0
github.com/helmfile/vals/cmd/vals/main.go:55.21,57.3 1 0
github.com/helmfile/vals/cmd/vals/main.go:58.2,60.16 3 0
github.com/helmfile/vals/cmd/vals/main.go:60.16,62.3 1 0
github.com/helmfile/vals/cmd/vals/main.go:63.2,63.18 1 0
github.com/helmfile/vals/cmd/vals/main.go:66.48,68.16 2 0
github.com/helmfile/vals/cmd/vals/main.go:68.16,70.3 1 0
github.com/helmfile/vals/cmd/vals/main.go:73.13,83.23 8 0
github.com/helmfile/vals/cmd/vals/main.go:83.23,86.3 2 0
github.com/helmfile/vals/cmd/vals/main.go:88.2,88.20 1 0
github.com/helmfile/vals/cmd/vals/main.go:89.15,98.17 9 0
github.com/helmfile/vals/cmd/vals/main.go:98.17,100.4 1 0
github.com/helmfile/vals/cmd/vals/main.go:102.3,103.14 2 0
github.com/helmfile/vals/cmd/vals/main.go:103.14,105.4 1 0
github.com/helmfile/vals/cmd/vals/main.go:107.3,109.9 2 0
github.com/helmfile/vals/cmd/vals/main.go:109.9,111.31 2 0
github.com/helmfile/vals/cmd/vals/main.go:111.31,113.19 2 0
github.com/helmfile/vals/cmd/vals/main.go:113.19,115.6 1 0
github.com/helmfile/vals/cmd/vals/main.go:116.5,116.26 1 0
github.com/helmfile/vals/cmd/vals/main.go:119.4,119.15 1 0
github.com/helmfile/vals/cmd/vals/main.go:122.3,128.9 2 0
github.com/helmfile/vals/cmd/vals/main.go:128.9,130.29 2 0
github.com/helmfile/vals/cmd/vals/main.go:130.29,132.19 2 0
github.com/helmfile/vals/cmd/vals/main.go:132.19,134.6 1 0
github.com/helmfile/vals/cmd/vals/main.go:135.5,135.30 1 0
github.com/helmfile/vals/cmd/vals/main.go:138.4,138.15 1 0
github.com/helmfile/vals/cmd/vals/main.go:141.3,141.17 1 0
github.com/helmfile/vals/cmd/vals/main.go:141.17,143.4 1 0
github.com/helmfile/vals/cmd/vals/main.go:145.3,145.22 1 0
github.com/helmfile/vals/cmd/vals/main.go:146.14,150.17 4 0
github.com/helmfile/vals/cmd/vals/main.go:150.17,152.4 1 0
github.com/helmfile/vals/cmd/vals/main.go:154.3,155.17 2 0
github.com/helmfile/vals/cmd/vals/main.go:155.17,157.4 1 0
github.com/helmfile/vals/cmd/vals/main.go:159.3,160.14 2 0
github.com/helmfile/vals/cmd/vals/main.go:160.14,162.4 1 0
github.com/helmfile/vals/cmd/vals/main.go:164.3,165.17 2 0
github.com/helmfile/vals/cmd/vals/main.go:165.17,167.4 1 0
github.com/helmfile/vals/cmd/vals/main.go:169.3,170.17 2 0
github.com/helmfile/vals/cmd/vals/main.go:170.17,172.4 1 0
github.com/helmfile/vals/cmd/vals/main.go:173.15,186.17 7 0
github.com/helmfile/vals/cmd/vals/main.go:186.17,188.4 1 0
github.com/helmfile/vals/cmd/vals/main.go:190.3,192.15 2 0
github.com/helmfile/vals/cmd/vals/main.go:192.15,194.4 1 0
github.com/helmfile/vals/cmd/vals/main.go:194.9,196.4 1 0
github.com/helmfile/vals/cmd/vals/main.go:198.3,199.14 2 0
github.com/helmfile/vals/cmd/vals/main.go:199.14,201.4 1 0
github.com/helmfile/vals/cmd/vals/main.go:203.3,208.17 2 0
github.com/helmfile/vals/cmd/vals/main.go:208.17,210.4 1 0
github.com/helmfile/vals/cmd/vals/main.go:211.14,216.17 5 0
github.com/helmfile/vals/cmd/vals/main.go:216.17,218.4 1 0
github.com/helmfile/vals/cmd/vals/main.go:220.3,223.17 3 0
github.com/helmfile/vals/cmd/vals/main.go:223.17,225.4 1 0
github.com/helmfile/vals/cmd/vals/main.go:226.3,226.25 1 0
github.com/helmfile/vals/cmd/vals/main.go:226.25,227.15 1 0
github.com/helmfile/vals/cmd/vals/main.go:227.15,229.5 1 0
github.com/helmfile/vals/cmd/vals/main.go:230.4,230.37 1 0
github.com/helmfile/vals/cmd/vals/main.go:232.19,237.17 5 0
github.com/helmfile/vals/cmd/vals/main.go:237.17,239.4 1 0
github.com/helmfile/vals/cmd/vals/main.go:241.3,244.30 3 0
github.com/helmfile/vals/cmd/vals/main.go:244.30,246.18 2 0
github.com/helmfile/vals/cmd/vals/main.go:246.18,248.5 1 0
github.com/helmfile/vals/cmd/vals/main.go:249.4,249.25 1 0
github.com/helmfile/vals/cmd/vals/main.go:252.3,252.22 1 0
github.com/helmfile/vals/cmd/vals/main.go:253.18,254.24 1 0
github.com/helmfile/vals/cmd/vals/main.go:254.24,256.4 1 0
github.com/helmfile/vals/cmd/vals/main.go:256.9,258.4 1 0
github.com/helmfile/vals/cmd/vals/main.go:259.3,259.37 1 0
github.com/helmfile/vals/cmd/vals/main.go:260.10,261.15 1 0
github.com/helmfile/vals/cmd/vals/main.go:265.51,266.36 1 1
github.com/helmfile/vals/cmd/vals/main.go:266.36,268.3 1 0
github.com/helmfile/vals/cmd/vals/main.go:270.2,284.40 10 1
github.com/helmfile/vals/cmd/vals/main.go:284.40,289.47 4 3
github.com/helmfile/vals/cmd/vals/main.go:289.47,291.4 1 1
github.com/helmfile/vals/cmd/vals/main.go:293.3,293.24 1 3
github.com/helmfile/vals/cmd/vals/main.go:293.24,297.4 3 1
github.com/helmfile/vals/cmd/vals/main.go:298.3,298.30 1 3
github.com/helmfile/vals/cmd/vals/main.go:298.30,302.4 3 1
github.com/helmfile/vals/cmd/vals/main.go:306.2,306.15 1 1
github.com/helmfile/vals/cmd/vals/main.go:306.15,308.3 1 0
github.com/helmfile/vals/cmd/vals/main.go:311.2,311.21 1 1
github.com/helmfile/vals/cmd/vals/main.go:311.21,313.3 1 0
github.com/helmfile/vals/cmd/vals/main.go:316.2,316.27 1 1
github.com/helmfile/vals/cmd/vals/main.go:316.27,322.47 5 0
github.com/helmfile/vals/cmd/vals/main.go:322.47,325.18 3 0
github.com/helmfile/vals/cmd/vals/main.go:325.18,327.5 1 0
github.com/helmfile/vals/cmd/vals/main.go:328.4,331.40 3 0
github.com/helmfile/vals/cmd/vals/main.go:334.3,336.19 3 0
github.com/helmfile/vals/cmd/vals/main.go:340.2,343.47 4 1
github.com/helmfile/vals/cmd/vals/main.go:343.47,346.17 3 1
github.com/helmfile/vals/cmd/vals/main.go:346.17,348.4 1 0
github.com/helmfile/vals/cmd/vals/main.go:350.3,353.56 3 1
github.com/helmfile/vals/cmd/vals/main.go:357.2,363.18 4 1
github.com/helmfile/vals/cmd/vals/main.go:366.51,367.36 1 1
github.com/helmfile/vals/cmd/vals/main.go:367.36,369.3 1 0
github.com/helmfile/vals/cmd/vals/main.go:371.2,379.40 7 1
github.com/helmfile/vals/cmd/vals/main.go:379.40,384.47 4 2
github.com/helmfile/vals/cmd/vals/main.go:384.47,386.4 1 1
github.com/helmfile/vals/cmd/vals/main.go:388.3,388.30 1 2
github.com/helmfile/vals/cmd/vals/main.go:388.30,392.4 3 1
github.com/helmfile/vals/cmd/vals/main.go:395.2,395.30 1 1
github.com/helmfile/vals/cmd/vals/main.go:395.30,401.47 5 1
github.com/helmfile/vals/cmd/vals/main.go:401.47,408.4 5 1
github.com/helmfile/vals/cmd/vals/main.go:410.3,411.36 2 1
github.com/helmfile/vals/cmd/vals/main.go:414.2,414.18 1 1
github.com/helmfile/vals/pkg/awsclicompat/session.go:22.81,25.19 2 0
github.com/helmfile/vals/pkg/awsclicompat/session.go:25.19,28.3 2 0
github.com/helmfile/vals/pkg/awsclicompat/session.go:30.2,30.13 1 0
github.com/helmfile/vals/pkg/awsclicompat/session.go:44.66,47.18 2 0
github.com/helmfile/vals/pkg/awsclicompat/session.go:47.18,49.3 1 0
github.com/helmfile/vals/pkg/awsclicompat/session.go:61.2,62.23 2 0
github.com/helmfile/vals/pkg/awsclicompat/session.go:62.23,64.3 1 0
github.com/helmfile/vals/pkg/awsclicompat/session.go:66.2,72.19 2 0
github.com/helmfile/vals/pkg/awsclicompat/session.go:72.19,74.3 1 0
github.com/helmfile/vals/pkg/awsclicompat/session.go:74.8,74.53 1 0
github.com/helmfile/vals/pkg/awsclicompat/session.go:74.53,76.3 1 0
github.com/helmfile/vals/pkg/awsclicompat/session.go:78.2,82.13 3 0
github.com/helmfile/vals/pkg/config/config.go:17.50,18.28 1 0
github.com/helmfile/vals/pkg/config/config.go:18.28,19.46 1 0
github.com/helmfile/vals/pkg/config/config.go:19.46,21.4 1 0
github.com/helmfile/vals/pkg/config/config.go:22.3,22.12 1 0
github.com/helmfile/vals/pkg/config/config.go:25.2,29.25 3 0
github.com/helmfile/vals/pkg/config/config.go:29.25,30.30 1 0
github.com/helmfile/vals/pkg/config/config.go:31.31,32.18 1 0
github.com/helmfile/vals/pkg/config/config.go:33.36,34.18 1 0
github.com/helmfile/vals/pkg/config/config.go:35.11,36.21 1 0
github.com/helmfile/vals/pkg/config/config.go:38.3,38.23 1 0
github.com/helmfile/vals/pkg/config/config.go:38.23,39.18 1 0
github.com/helmfile/vals/pkg/config/config.go:39.18,41.5 1 0
github.com/helmfile/vals/pkg/config/config.go:42.4,42.33 1 0
github.com/helmfile/vals/pkg/config/config.go:46.2,46.24 1 0
github.com/helmfile/vals/pkg/config/config.go:49.57,54.25 3 0
github.com/helmfile/vals/pkg/config/config.go:54.25,55.30 1 0
github.com/helmfile/vals/pkg/config/config.go:56.31,57.18 1 0
github.com/helmfile/vals/pkg/config/config.go:58.36,59.18 1 0
github.com/helmfile/vals/pkg/config/config.go:60.11,61.14 1 0
github.com/helmfile/vals/pkg/config/config.go:63.3,63.23 1 0
github.com/helmfile/vals/pkg/config/config.go:63.23,64.18 1 0
github.com/helmfile/vals/pkg/config/config.go:64.18,66.5 1 0
github.com/helmfile/vals/pkg/config/config.go:67.4,67.29 1 0
github.com/helmfile/vals/pkg/config/config.go:68.18,69.15 1 0
github.com/helmfile/vals/pkg/config/config.go:70.23,72.24 2 0
github.com/helmfile/vals/pkg/config/config.go:72.24,74.6 1 0
github.com/helmfile/vals/pkg/config/config.go:75.5,75.14 1 0
github.com/helmfile/vals/pkg/config/config.go:76.12,77.70 1 0
github.com/helmfile/vals/pkg/config/config.go:82.2,82.24 1 0
github.com/helmfile/vals/pkg/config/config.go:85.60,87.2 1 0
github.com/helmfile/vals/pkg/config/config.go:89.48,95.25 4 0
github.com/helmfile/vals/pkg/config/config.go:95.25,96.30 1 0
github.com/helmfile/vals/pkg/config/config.go:97.31,99.11 2 0
github.com/helmfile/vals/pkg/config/config.go:99.11,101.5 1 0
github.com/helmfile/vals/pkg/config/config.go:102.36,104.11 2 0
github.com/helmfile/vals/pkg/config/config.go:104.11,106.5 1 0
github.com/helmfile/vals/pkg/config/config.go:107.11,108.16 1 0
github.com/helmfile/vals/pkg/config/config.go:112.2,112.13 1 0
github.com/helmfile/vals/pkg/config/config.go:115.63,120.25 3 0
github.com/helmfile/vals/pkg/config/config.go:120.25,121.30 1 0
github.com/helmfile/vals/pkg/config/config.go:122.31,123.18 1 0
github.com/helmfile/vals/pkg/config/config.go:124.36,125.18 1 0
github.com/helmfile/vals/pkg/config/config.go:126.11,127.14 1 0
github.com/helmfile/vals/pkg/config/config.go:131.2,131.29 1 0
github.com/helmfile/vals/pkg/config/config.go:132.30,133.15 1 0
github.com/helmfile/vals/pkg/config/config.go:134.35,136.27 2 0
github.com/helmfile/vals/pkg/config/config.go:136.27,138.4 1 0
github.com/helmfile/vals/pkg/config/config.go:139.3,139.16 1 0
github.com/helmfile/vals/pkg/config/config.go:140.10,141.13 1 0
github.com/helmfile/vals/pkg/config/config.go:145.46,149.2 1 0
github.com/helmfile/vals/pkg/expansion/expand_match.go:17.63,19.6 2 28
github.com/helmfile/vals/pkg/expansion/expand_match.go:19.6,21.17 2 54
github.com/helmfile/vals/pkg/expansion/expand_match.go:21.17,24.4 2 27
github.com/helmfile/vals/pkg/expansion/expand_match.go:25.3,26.22 2 27
github.com/helmfile/vals/pkg/expansion/expand_match.go:26.22,28.29 2 18
github.com/helmfile/vals/pkg/expansion/expand_match.go:28.29,29.18 1 24
github.com/helmfile/vals/pkg/expansion/expand_match.go:29.18,31.11 2 17
github.com/helmfile/vals/pkg/expansion/expand_match.go:34.4,34.21 1 18
github.com/helmfile/vals/pkg/expansion/expand_match.go:34.21,37.5 2 1
github.com/helmfile/vals/pkg/expansion/expand_match.go:39.3,41.17 3 26
github.com/helmfile/vals/pkg/expansion/expand_match.go:41.17,43.4 1 0
github.com/helmfile/vals/pkg/expansion/expand_match.go:44.3,46.17 3 26
github.com/helmfile/vals/pkg/expansion/expand_match.go:50.97,51.77 1 7
github.com/helmfile/vals/pkg/expansion/expand_match.go:51.77,53.17 2 11
github.com/helmfile/vals/pkg/expansion/expand_match.go:53.17,55.4 1 0
github.com/helmfile/vals/pkg/expansion/expand_match.go:56.3,56.18 1 11
github.com/helmfile/vals/pkg/expansion/expand_match.go:59.2,59.16 1 7
github.com/helmfile/vals/pkg/expansion/expand_match.go:59.16,61.3 1 0
github.com/helmfile/vals/pkg/expansion/expand_match.go:63.2,63.27 1 7
github.com/helmfile/vals/pkg/expansion/expand_match.go:64.30,65.18 1 7
github.com/helmfile/vals/pkg/expansion/expand_match.go:66.10,67.62 1 0
github.com/helmfile/vals/pkg/expansion/maputil.go:9.103,10.89 1 25
github.com/helmfile/vals/pkg/expansion/maputil.go:10.89,11.22 1 11
github.com/helmfile/vals/pkg/expansion/maputil.go:12.60,12.60 0 4
github.com/helmfile/vals/pkg/expansion/maputil.go:13.11,14.21 1 7
github.com/helmfile/vals/pkg/expansion/maputil.go:17.3,18.17 2 4
github.com/helmfile/vals/pkg/expansion/maputil.go:18.17,20.4 1 0
github.com/helmfile/vals/pkg/expansion/maputil.go:21.3,21.34 1 4
github.com/helmfile/vals/pkg/expansion/maputil.go:22.15,23.23 1 4
github.com/helmfile/vals/pkg/expansion/maputil.go:23.23,24.10 1 4
github.com/helmfile/vals/pkg/expansion/maputil.go:26.4,27.65 2 0
github.com/helmfile/vals/pkg/expansion/maputil.go:27.65,29.5 1 0
github.com/helmfile/vals/pkg/expansion/maputil.go:31.4,31.26 1 0
github.com/helmfile/vals/pkg/expansion/maputil.go:31.26,33.5 1 0
github.com/helmfile/vals/pkg/expansion/maputil.go:34.4,34.20 1 0
github.com/helmfile/vals/pkg/expansion/maputil.go:36.3,36.20 1 4
github.com/helmfile/vals/pkg/expansion/maputil.go:39.2,40.29 2 25
github.com/helmfile/vals/pkg/expansion/maputil.go:41.14,42.20 1 10
github.com/helmfile/vals/pkg/expansion/maputil.go:43.35,45.29 2 2
github.com/helmfile/vals/pkg/expansion/maputil.go:45.29,47.4 1 2
github.com/helmfile/vals/pkg/expansion/maputil.go:48.3,50.28 3 2
github.com/helmfile/vals/pkg/expansion/maputil.go:50.28,52.10 2 2
github.com/helmfile/vals/pkg/expansion/maputil.go:52.10,54.13 2 0
github.com/helmfile/vals/pkg/expansion/maputil.go:56.4,56.18 1 2
github.com/helmfile/vals/pkg/expansion/maputil.go:56.18,58.5 1 0
github.com/helmfile/vals/pkg/expansion/maputil.go:60.4,61.18 2 2
github.com/helmfile/vals/pkg/expansion/maputil.go:61.18,63.5 1 0
github.com/helmfile/vals/pkg/expansion/maputil.go:64.4,64.18 1 2
github.com/helmfile/vals/pkg/expansion/maputil.go:66.3,66.29 1 2
github.com/helmfile/vals/pkg/expansion/maputil.go:66.29,68.4 1 0
github.com/helmfile/vals/pkg/expansion/maputil.go:69.3,69.29 1 2
github.com/helmfile/vals/pkg/expansion/maputil.go:69.29,71.4 1 0
github.com/helmfile/vals/pkg/expansion/maputil.go:72.3,72.21 1 2
github.com/helmfile/vals/pkg/expansion/maputil.go:73.30,76.29 3 9
github.com/helmfile/vals/pkg/expansion/maputil.go:76.29,78.18 2 9
github.com/helmfile/vals/pkg/expansion/maputil.go:78.18,80.5 1 0
github.com/helmfile/vals/pkg/expansion/maputil.go:81.4,81.10 1 9
github.com/helmfile/vals/pkg/expansion/maputil.go:81.10,83.13 2 0
github.com/helmfile/vals/pkg/expansion/maputil.go:86.4,87.18 2 9
github.com/helmfile/vals/pkg/expansion/maputil.go:87.18,89.5 1 0
github.com/helmfile/vals/pkg/expansion/maputil.go:90.4,90.19 1 9
github.com/helmfile/vals/pkg/expansion/maputil.go:92.3,92.29 1 9
github.com/helmfile/vals/pkg/expansion/maputil.go:92.29,94.4 1 0
github.com/helmfile/vals/pkg/expansion/maputil.go:95.3,95.29 1 9
github.com/helmfile/vals/pkg/expansion/maputil.go:95.29,97.4 1 0
github.com/helmfile/vals/pkg/expansion/maputil.go:98.3,98.22 1 9
github.com/helmfile/vals/pkg/expansion/maputil.go:99.21,101.26 2 3
github.com/helmfile/vals/pkg/expansion/maputil.go:101.26,103.18 2 3
github.com/helmfile/vals/pkg/expansion/maputil.go:103.18,105.5 1 0
github.com/helmfile/vals/pkg/expansion/maputil.go:106.4,106.22 1 3
github.com/helmfile/vals/pkg/expansion/maputil.go:108.3,108.15 1 3
github.com/helmfile/vals/pkg/expansion/maputil.go:109.16,111.26 2 1
github.com/helmfile/vals/pkg/expansion/maputil.go:111.26,113.18 2 1
github.com/helmfile/vals/pkg/expansion/maputil.go:113.18,115.5 1 0
github.com/helmfile/vals/pkg/expansion/maputil.go:116.4,116.22 1 1
github.com/helmfile/vals/pkg/expansion/maputil.go:118.3,118.15 1 1
github.com/helmfile/vals/pkg/expansion/maputil.go:119.10,120.21 1 0
github.com/helmfile/vals/pkg/expansion/maputil.go:122.2,122.22 1 4
github.com/helmfile/vals/pkg/log/log.go:17.28,19.21 2 0
github.com/helmfile/vals/pkg/log/log.go:19.21,21.3 1 0
github.com/helmfile/vals/pkg/log/log.go:22.2,24.3 1 0
github.com/helmfile/vals/pkg/log/log.go:27.58,29.2 1 0
github.com/helmfile/vals/pkg/providers/awskms/awskms.go:22.42,31.2 8 0
github.com/helmfile/vals/pkg/providers/awskms/awskms.go:33.58,37.16 3 0
github.com/helmfile/vals/pkg/providers/awskms/awskms.go:37.16,39.3 1 0
github.com/helmfile/vals/pkg/providers/awskms/awskms.go:41.2,45.19 2 0
github.com/helmfile/vals/pkg/providers/awskms/awskms.go:45.19,47.3 1 0
github.com/helmfile/vals/pkg/providers/awskms/awskms.go:49.2,49.33 1 0
github.com/helmfile/vals/pkg/providers/awskms/awskms.go:49.33,51.3 1 0
github.com/helmfile/vals/pkg/providers/awskms/awskms.go:53.2,53.31 1 0
github.com/helmfile/vals/pkg/providers/awskms/awskms.go:53.31,56.73 2 0
github.com/helmfile/vals/pkg/providers/awskms/awskms.go:56.73,58.4 1 0
github.com/helmfile/vals/pkg/providers/awskms/awskms.go:60.3,60.34 1 0
github.com/helmfile/vals/pkg/providers/awskms/awskms.go:63.2,64.16 2 0
github.com/helmfile/vals/pkg/providers/awskms/awskms.go:64.16,66.3 1 0
github.com/helmfile/vals/pkg/providers/awskms/awskms.go:68.2,68.38 1 0
github.com/helmfile/vals/pkg/providers/awskms/awskms.go:71.77,73.16 2 0
github.com/helmfile/vals/pkg/providers/awskms/awskms.go:73.16,75.3 1 0
github.com/helmfile/vals/pkg/providers/awskms/awskms.go:77.2,79.61 2 0
github.com/helmfile/vals/pkg/providers/awskms/awskms.go:79.61,81.3 1 0
github.com/helmfile/vals/pkg/providers/awskms/awskms.go:83.2,83.15 1 0
github.com/helmfile/vals/pkg/providers/awskms/awskms.go:86.41,87.21 1 0
github.com/helmfile/vals/pkg/providers/awskms/awskms.go:87.21,89.3 1 0
github.com/helmfile/vals/pkg/providers/awskms/awskms.go:91.2,94.17 3 0
github.com/helmfile/vals/pkg/providers/awssecrets/awssecrets.go:29.57,39.2 7 0
github.com/helmfile/vals/pkg/providers/awssecrets/awssecrets.go:42.58,49.26 3 0
github.com/helmfile/vals/pkg/providers/awssecrets/awssecrets.go:49.26,51.3 1 0
github.com/helmfile/vals/pkg/providers/awssecrets/awssecrets.go:53.2,53.23 1 0
github.com/helmfile/vals/pkg/providers/awssecrets/awssecrets.go:53.23,55.3 1 0
github.com/helmfile/vals/pkg/providers/awssecrets/awssecrets.go:57.2,58.16 2 0
github.com/helmfile/vals/pkg/providers/awssecrets/awssecrets.go:58.16,60.3 1 0
github.com/helmfile/vals/pkg/providers/awssecrets/awssecrets.go:62.2,63.29 2 0
github.com/helmfile/vals/pkg/providers/awssecrets/awssecrets.go:63.29,65.3 1 0
github.com/helmfile/vals/pkg/providers/awssecrets/awssecrets.go:65.8,65.36 1 0
github.com/helmfile/vals/pkg/providers/awssecrets/awssecrets.go:65.36,67.3 1 0
github.com/helmfile/vals/pkg/providers/awssecrets/awssecrets.go:67.8,69.3 1 0
github.com/helmfile/vals/pkg/providers/awssecrets/awssecrets.go:71.2,73.15 2 0
github.com/helmfile/vals/pkg/providers/awssecrets/awssecrets.go:76.77,78.16 2 0
github.com/helmfile/vals/pkg/providers/awssecrets/awssecrets.go:78.16,80.61 2 0
github.com/helmfile/vals/pkg/providers/awssecrets/awssecrets.go:80.61,82.4 1 0
github.com/helmfile/vals/pkg/providers/awssecrets/awssecrets.go:83.3,83.16 1 0
github.com/helmfile/vals/pkg/providers/awssecrets/awssecrets.go:86.2,91.16 4 0
github.com/helmfile/vals/pkg/providers/awssecrets/awssecrets.go:91.16,93.3 1 0
github.com/helmfile/vals/pkg/providers/awssecrets/awssecrets.go:95.2,95.59 1 0
github.com/helmfile/vals/pkg/providers/awssecrets/awssecrets.go:95.59,97.3 1 0
github.com/helmfile/vals/pkg/providers/awssecrets/awssecrets.go:99.2,101.9 3 0
github.com/helmfile/vals/pkg/providers/awssecrets/awssecrets.go:101.9,103.3 1 0
github.com/helmfile/vals/pkg/providers/awssecrets/awssecrets.go:105.2,106.23 2 0
github.com/helmfile/vals/pkg/providers/awssecrets/awssecrets.go:107.16,108.36 1 0
github.com/helmfile/vals/pkg/providers/awssecrets/awssecrets.go:109.21,110.23 1 0
github.com/helmfile/vals/pkg/providers/awssecrets/awssecrets.go:110.23,112.4 1 0
github.com/helmfile/vals/pkg/providers/awssecrets/awssecrets.go:113.10,114.104 1 0
github.com/helmfile/vals/pkg/providers/awssecrets/awssecrets.go:116.2,116.9 1 0
github.com/helmfile/vals/pkg/providers/awssecrets/awssecrets.go:116.9,118.3 1 0
github.com/helmfile/vals/pkg/providers/awssecrets/awssecrets.go:120.2,121.31 2 0
github.com/helmfile/vals/pkg/providers/awssecrets/awssecrets.go:121.31,125.17 4 0
github.com/helmfile/vals/pkg/providers/awssecrets/awssecrets.go:125.17,127.4 1 0
github.com/helmfile/vals/pkg/providers/awssecrets/awssecrets.go:128.3,128.20 1 0
github.com/helmfile/vals/pkg/providers/awssecrets/awssecrets.go:131.2,133.17 2 0
github.com/helmfile/vals/pkg/providers/awssecrets/awssecrets.go:136.63,137.21 1 0
github.com/helmfile/vals/pkg/providers/awssecrets/awssecrets.go:137.21,139.3 1 0
github.com/helmfile/vals/pkg/providers/awssecrets/awssecrets.go:141.2,144.17 3 0
github.com/helmfile/vals/pkg/providers/azurekeyvault/azurekeyvault.go:23.42,27.2 3 0
github.com/helmfile/vals/pkg/providers/azurekeyvault/azurekeyvault.go:29.58,31.16 2 0
github.com/helmfile/vals/pkg/providers/azurekeyvault/azurekeyvault.go:31.16,33.3 1 0
github.com/helmfile/vals/pkg/providers/azurekeyvault/azurekeyvault.go:35.2,36.16 2 0
github.com/helmfile/vals/pkg/providers/azurekeyvault/azurekeyvault.go:36.16,38.3 1 0
github.com/helmfile/vals/pkg/providers/azurekeyvault/azurekeyvault.go:40.2,41.16 2 0
github.com/helmfile/vals/pkg/providers/azurekeyvault/azurekeyvault.go:41.16,43.3 1 0
github.com/helmfile/vals/pkg/providers/azurekeyvault/azurekeyvault.go:44.2,44.33 1 0
github.com/helmfile/vals/pkg/providers/azurekeyvault/azurekeyvault.go:47.77,50.16 3 0
github.com/helmfile/vals/pkg/providers/azurekeyvault/azurekeyvault.go:50.16,52.3 1 0
github.com/helmfile/vals/pkg/providers/azurekeyvault/azurekeyvault.go:54.2,55.16 2 0
github.com/helmfile/vals/pkg/providers/azurekeyvault/azurekeyvault.go:55.16,57.3 1 0
github.com/helmfile/vals/pkg/providers/azurekeyvault/azurekeyvault.go:58.2,58.15 1 0
github.com/helmfile/vals/pkg/providers/azurekeyvault/azurekeyvault.go:61.89,62.58 1 0
github.com/helmfile/vals/pkg/providers/azurekeyvault/azurekeyvault.go:62.58,64.3 1 0
github.com/helmfile/vals/pkg/providers/azurekeyvault/azurekeyvault.go:66.2,67.16 2 0
github.com/helmfile/vals/pkg/providers/azurekeyvault/azurekeyvault.go:67.16,69.3 1 0
github.com/helmfile/vals/pkg/providers/azurekeyvault/azurekeyvault.go:71.2,72.16 2 0
github.com/helmfile/vals/pkg/providers/azurekeyvault/azurekeyvault.go:72.16,74.3 1 0
github.com/helmfile/vals/pkg/providers/azurekeyvault/azurekeyvault.go:76.2,76.37 1 0
github.com/helmfile/vals/pkg/providers/azurekeyvault/azurekeyvault.go:79.59,83.20 3 0
github.com/helmfile/vals/pkg/providers/azurekeyvault/azurekeyvault.go:84.21,86.17 2 0
github.com/helmfile/vals/pkg/providers/azurekeyvault/azurekeyvault.go:86.17,88.4 1 0
github.com/helmfile/vals/pkg/providers/azurekeyvault/azurekeyvault.go:89.3,89.30 1 0
github.com/helmfile/vals/pkg/providers/azurekeyvault/azurekeyvault.go:90.18,92.17 2 0
github.com/helmfile/vals/pkg/providers/azurekeyvault/azurekeyvault.go:92.17,94.4 1 0
github.com/helmfile/vals/pkg/providers/azurekeyvault/azurekeyvault.go:95.3,95.30 1 0
github.com/helmfile/vals/pkg/providers/azurekeyvault/azurekeyvault.go:96.17,98.17 2 0
github.com/helmfile/vals/pkg/providers/azurekeyvault/azurekeyvault.go:98.17,100.4 1 0
github.com/helmfile/vals/pkg/providers/azurekeyvault/azurekeyvault.go:101.3,101.30 1 0
github.com/helmfile/vals/pkg/providers/azurekeyvault/azurekeyvault.go:102.13,104.17 2 0
github.com/helmfile/vals/pkg/providers/azurekeyvault/azurekeyvault.go:104.17,106.4 1 0
github.com/helmfile/vals/pkg/providers/azurekeyvault/azurekeyvault.go:107.3,107.30 1 0
github.com/helmfile/vals/pkg/providers/azurekeyvault/azurekeyvault.go:108.16,110.17 2 0
github.com/helmfile/vals/pkg/providers/azurekeyvault/azurekeyvault.go:110.17,112.4 1 0
github.com/helmfile/vals/pkg/providers/azurekeyvault/azurekeyvault.go:113.3,113.30 1 0
github.com/helmfile/vals/pkg/providers/azurekeyvault/azurekeyvault.go:114.10,115.93 1 0
github.com/helmfile/vals/pkg/providers/azurekeyvault/azurekeyvault.go:118.2,119.16 2 0
github.com/helmfile/vals/pkg/providers/azurekeyvault/azurekeyvault.go:119.16,121.3 1 0
github.com/helmfile/vals/pkg/providers/azurekeyvault/azurekeyvault.go:123.2,123.18 1 0
github.com/helmfile/vals/pkg/providers/azurekeyvault/azurekeyvault.go:132.56,134.48 2 8
github.com/helmfile/vals/pkg/providers/azurekeyvault/azurekeyvault.go:134.48,137.3 2 2
github.com/helmfile/vals/pkg/providers/azurekeyvault/azurekeyvault.go:139.2,139.44 1 6
github.com/helmfile/vals/pkg/providers/azurekeyvault/azurekeyvault.go:139.44,142.3 2 1
github.com/helmfile/vals/pkg/providers/azurekeyvault/azurekeyvault.go:144.2,144.44 1 5
github.com/helmfile/vals/pkg/providers/azurekeyvault/azurekeyvault.go:144.44,147.3 2 1
github.com/helmfile/vals/pkg/providers/azurekeyvault/azurekeyvault.go:149.2,151.25 3 4
github.com/helmfile/vals/pkg/providers/azurekeyvault/azurekeyvault.go:151.25,153.3 1 1
github.com/helmfile/vals/pkg/providers/azurekeyvault/azurekeyvault.go:154.2,154.8 1 4
github.com/helmfile/vals/pkg/providers/azurekeyvault/azurekeyvault.go:157.43,159.38 2 4
github.com/helmfile/vals/pkg/providers/azurekeyvault/azurekeyvault.go:159.38,161.3 1 3
github.com/helmfile/vals/pkg/providers/azurekeyvault/azurekeyvault.go:162.2,162.17 1 4
github.com/helmfile/vals/pkg/providers/bitwarden/bitwarden.go:35.57,42.2 2 0
github.com/helmfile/vals/pkg/providers/bitwarden/bitwarden.go:44.58,46.16 2 0
github.com/helmfile/vals/pkg/providers/bitwarden/bitwarden.go:46.16,48.3 1 0
github.com/helmfile/vals/pkg/providers/bitwarden/bitwarden.go:50.2,57.16 4 0
github.com/helmfile/vals/pkg/providers/bitwarden/bitwarden.go:57.16,59.3 1 0
github.com/helmfile/vals/pkg/providers/bitwarden/bitwarden.go:60.2,65.16 3 0
github.com/helmfile/vals/pkg/providers/bitwarden/bitwarden.go:65.16,67.3 1 0
github.com/helmfile/vals/pkg/providers/bitwarden/bitwarden.go:69.2,69.15 1 0
github.com/helmfile/vals/pkg/providers/bitwarden/bitwarden.go:69.15,71.3 1 0
github.com/helmfile/vals/pkg/providers/bitwarden/bitwarden.go:73.2,75.16 3 0
github.com/helmfile/vals/pkg/providers/bitwarden/bitwarden.go:75.16,77.3 1 0
github.com/helmfile/vals/pkg/providers/bitwarden/bitwarden.go:79.2,79.19 1 0
github.com/helmfile/vals/pkg/providers/bitwarden/bitwarden.go:79.19,81.3 1 0
github.com/helmfile/vals/pkg/providers/bitwarden/bitwarden.go:83.2,83.28 1 0
github.com/helmfile/vals/pkg/providers/bitwarden/bitwarden.go:86.77,90.16 3 0
github.com/helmfile/vals/pkg/providers/bitwarden/bitwarden.go:90.16,92.3 1 0
github.com/helmfile/vals/pkg/providers/bitwarden/bitwarden.go:94.2,94.72 1 0
github.com/helmfile/vals/pkg/providers/bitwarden/bitwarden.go:94.72,96.3 1 0
github.com/helmfile/vals/pkg/providers/bitwarden/bitwarden.go:98.2,98.23 1 0
github.com/helmfile/vals/pkg/providers/bitwarden/bitwarden.go:101.49,102.22 1 3
github.com/helmfile/vals/pkg/providers/bitwarden/bitwarden.go:102.22,104.3 1 1
github.com/helmfile/vals/pkg/providers/bitwarden/bitwarden.go:106.2,107.19 2 2
github.com/helmfile/vals/pkg/providers/bitwarden/bitwarden.go:107.19,109.3 1 1
github.com/helmfile/vals/pkg/providers/bitwarden/bitwarden.go:111.2,111.32 1 1
github.com/helmfile/vals/pkg/providers/bitwarden/bitwarden.go:114.61,117.19 2 6
github.com/helmfile/vals/pkg/providers/bitwarden/bitwarden.go:117.19,119.3 1 1
github.com/helmfile/vals/pkg/providers/bitwarden/bitwarden.go:121.2,124.22 3 5
github.com/helmfile/vals/pkg/providers/bitwarden/bitwarden.go:124.22,126.3 1 1
github.com/helmfile/vals/pkg/providers/bitwarden/bitwarden.go:128.2,128.21 1 4
github.com/helmfile/vals/pkg/providers/bitwarden/bitwarden.go:128.21,130.3 1 3
github.com/helmfile/vals/pkg/providers/bitwarden/bitwarden.go:132.2,132.89 1 4
github.com/helmfile/vals/pkg/providers/bitwarden/bitwarden.go:132.89,134.3 1 1
github.com/helmfile/vals/pkg/providers/bitwarden/bitwarden.go:136.2,136.29 1 3
github.com/helmfile/vals/pkg/providers/conjur/conjur.go:24.57,29.21 3 5
github.com/helmfile/vals/pkg/providers/conjur/conjur.go:29.21,31.3 1 1
github.com/helmfile/vals/pkg/providers/conjur/conjur.go:32.2,33.21 2 5
github.com/helmfile/vals/pkg/providers/conjur/conjur.go:33.21,35.3 1 1
github.com/helmfile/vals/pkg/providers/conjur/conjur.go:36.2,37.19 2 5
github.com/helmfile/vals/pkg/providers/conjur/conjur.go:37.19,39.3 1 1
github.com/helmfile/vals/pkg/providers/conjur/conjur.go:40.2,41.20 2 5
github.com/helmfile/vals/pkg/providers/conjur/conjur.go:41.20,43.3 1 1
github.com/helmfile/vals/pkg/providers/conjur/conjur.go:45.2,45.10 1 5
github.com/helmfile/vals/pkg/providers/conjur/conjur.go:48.60,50.16 2 0
github.com/helmfile/vals/pkg/providers/conjur/conjur.go:50.16,52.3 1 0
github.com/helmfile/vals/pkg/providers/conjur/conjur.go:54.2,55.16 2 0
github.com/helmfile/vals/pkg/providers/conjur/conjur.go:55.16,57.3 1 0
github.com/helmfile/vals/pkg/providers/conjur/conjur.go:59.2,59.33 1 0
github.com/helmfile/vals/pkg/providers/conjur/conjur.go:62.78,64.2 1 1
github.com/helmfile/vals/pkg/providers/conjur/conjur.go:66.62,67.21 1 1
github.com/helmfile/vals/pkg/providers/conjur/conjur.go:67.21,69.17 2 0
github.com/helmfile/vals/pkg/providers/conjur/conjur.go:69.17,72.4 2 0
github.com/helmfile/vals/pkg/providers/conjur/conjur.go:74.3,83.17 4 0
github.com/helmfile/vals/pkg/providers/conjur/conjur.go:83.17,86.4 2 0
github.com/helmfile/vals/pkg/providers/conjur/conjur.go:88.3,88.17 1 0
github.com/helmfile/vals/pkg/providers/conjur/conjur.go:90.2,90.22 1 1
github.com/helmfile/vals/pkg/providers/doppler/doppler.go:28.57,33.19 3 0
github.com/helmfile/vals/pkg/providers/doppler/doppler.go:33.19,35.3 1 0
github.com/helmfile/vals/pkg/providers/doppler/doppler.go:37.2,40.21 3 0
github.com/helmfile/vals/pkg/providers/doppler/doppler.go:40.21,41.19 1 0
github.com/helmfile/vals/pkg/providers/doppler/doppler.go:41.19,43.4 1 0
github.com/helmfile/vals/pkg/providers/doppler/doppler.go:43.9,45.18 2 0
github.com/helmfile/vals/pkg/providers/doppler/doppler.go:45.18,47.5 1 0
github.com/helmfile/vals/pkg/providers/doppler/doppler.go:47.10,49.5 1 0
github.com/helmfile/vals/pkg/providers/doppler/doppler.go:53.2,55.19 3 0
github.com/helmfile/vals/pkg/providers/doppler/doppler.go:55.19,57.3 1 0
github.com/helmfile/vals/pkg/providers/doppler/doppler.go:58.2,59.21 2 0
github.com/helmfile/vals/pkg/providers/doppler/doppler.go:59.21,61.3 1 0
github.com/helmfile/vals/pkg/providers/doppler/doppler.go:62.2,63.20 2 0
github.com/helmfile/vals/pkg/providers/doppler/doppler.go:63.20,65.3 1 0
github.com/helmfile/vals/pkg/providers/doppler/doppler.go:66.2,68.10 2 0
github.com/helmfile/vals/pkg/providers/doppler/doppler.go:71.58,76.22 3 0
github.com/helmfile/vals/pkg/providers/doppler/doppler.go:76.22,78.3 1 0
github.com/helmfile/vals/pkg/providers/doppler/doppler.go:80.2,80.21 1 0
github.com/helmfile/vals/pkg/providers/doppler/doppler.go:80.21,82.3 1 0
github.com/helmfile/vals/pkg/providers/doppler/doppler.go:83.2,83.21 1 0
github.com/helmfile/vals/pkg/providers/doppler/doppler.go:83.21,85.3 1 0
github.com/helmfile/vals/pkg/providers/doppler/doppler.go:86.2,89.16 3 0
github.com/helmfile/vals/pkg/providers/doppler/doppler.go:89.16,92.3 2 0
github.com/helmfile/vals/pkg/providers/doppler/doppler.go:94.2,94.15 1 0
github.com/helmfile/vals/pkg/providers/doppler/doppler.go:94.15,97.17 2 0
github.com/helmfile/vals/pkg/providers/doppler/doppler.go:97.17,99.4 1 0
github.com/helmfile/vals/pkg/providers/doppler/doppler.go:100.3,100.33 1 0
github.com/helmfile/vals/pkg/providers/doppler/doppler.go:103.2,103.27 1 0
github.com/helmfile/vals/pkg/providers/doppler/doppler.go:103.27,104.15 1 0
github.com/helmfile/vals/pkg/providers/doppler/doppler.go:104.15,106.4 1 0
github.com/helmfile/vals/pkg/providers/doppler/doppler.go:109.2,109.110 1 0
github.com/helmfile/vals/pkg/providers/doppler/doppler.go:112.77,123.18 2 0
github.com/helmfile/vals/pkg/providers/doppler/doppler.go:123.18,125.3 1 0
github.com/helmfile/vals/pkg/providers/doppler/doppler.go:127.2,128.21 2 0
github.com/helmfile/vals/pkg/providers/doppler/doppler.go:128.21,130.3 1 0
github.com/helmfile/vals/pkg/providers/doppler/doppler.go:131.2,133.33 2 0
github.com/helmfile/vals/pkg/providers/doppler/doppler.go:133.33,134.145 1 0
github.com/helmfile/vals/pkg/providers/doppler/doppler.go:134.145,135.12 1 0
github.com/helmfile/vals/pkg/providers/doppler/doppler.go:137.3,137.41 1 0
github.com/helmfile/vals/pkg/providers/doppler/doppler.go:140.2,140.15 1 0
github.com/helmfile/vals/pkg/providers/echo/echo.go:13.42,16.2 2 0
github.com/helmfile/vals/pkg/providers/echo/echo.go:18.58,20.2 1 0
github.com/helmfile/vals/pkg/providers/echo/echo.go:22.77,28.19 4 0
github.com/helmfile/vals/pkg/providers/echo/echo.go:28.19,30.3 1 0
github.com/helmfile/vals/pkg/providers/echo/echo.go:32.2,32.35 1 0
github.com/helmfile/vals/pkg/providers/echo/echo.go:32.35,34.23 2 0
github.com/helmfile/vals/pkg/providers/echo/echo.go:34.23,36.4 1 0
github.com/helmfile/vals/pkg/providers/echo/echo.go:36.9,40.4 3 0
github.com/helmfile/vals/pkg/providers/echo/echo.go:43.2,43.17 1 0
github.com/helmfile/vals/pkg/providers/envsubst/envsubst.go:15.42,18.2 2 0
github.com/helmfile/vals/pkg/providers/envsubst/envsubst.go:20.58,25.16 4 0
github.com/helmfile/vals/pkg/providers/envsubst/envsubst.go:25.16,27.3 1 0
github.com/helmfile/vals/pkg/providers/envsubst/envsubst.go:28.2,28.17 1 0
github.com/helmfile/vals/pkg/providers/envsubst/envsubst.go:31.77,36.16 4 0
github.com/helmfile/vals/pkg/providers/envsubst/envsubst.go:36.16,38.3 1 0
github.com/helmfile/vals/pkg/providers/envsubst/envsubst.go:40.2,41.47 2 0
github.com/helmfile/vals/pkg/providers/envsubst/envsubst.go:41.47,43.3 1 0
github.com/helmfile/vals/pkg/providers/envsubst/envsubst.go:44.2,44.15 1 0
github.com/helmfile/vals/pkg/providers/file/file.go:19.42,23.20 4 11
github.com/helmfile/vals/pkg/providers/file/file.go:23.20,25.3 1 6
github.com/helmfile/vals/pkg/providers/file/file.go:26.2,26.10 1 11
github.com/helmfile/vals/pkg/providers/file/file.go:29.44,31.2 1 0
github.com/helmfile/vals/pkg/providers/file/file.go:33.58,37.16 4 6
github.com/helmfile/vals/pkg/providers/file/file.go:37.16,39.3 1 2
github.com/helmfile/vals/pkg/providers/file/file.go:40.2,40.18 1 4
github.com/helmfile/vals/pkg/providers/file/file.go:41.13,42.19 1 3
github.com/helmfile/vals/pkg/providers/file/file.go:43.16,44.46 1 1
github.com/helmfile/vals/pkg/providers/file/file.go:45.10,46.73 1 0
github.com/helmfile/vals/pkg/providers/file/file.go:48.2,48.17 1 4
github.com/helmfile/vals/pkg/providers/file/file.go:51.77,54.16 3 5
github.com/helmfile/vals/pkg/providers/file/file.go:54.16,56.3 1 2
github.com/helmfile/vals/pkg/providers/file/file.go:58.2,59.47 2 3
github.com/helmfile/vals/pkg/providers/file/file.go:59.47,61.3 1 1
github.com/helmfile/vals/pkg/providers/file/file.go:62.2,62.15 1 2
github.com/helmfile/vals/pkg/providers/gcpsecrets/gcpsecrets.go:25.42,32.41 2 0
github.com/helmfile/vals/pkg/providers/gcpsecrets/gcpsecrets.go:32.41,34.3 1 0
github.com/helmfile/vals/pkg/providers/gcpsecrets/gcpsecrets.go:35.2,35.42 1 0
github.com/helmfile/vals/pkg/providers/gcpsecrets/gcpsecrets.go:35.42,37.3 1 0
github.com/helmfile/vals/pkg/providers/gcpsecrets/gcpsecrets.go:38.2,38.69 1 0
github.com/helmfile/vals/pkg/providers/gcpsecrets/gcpsecrets.go:38.69,40.3 1 0
github.com/helmfile/vals/pkg/providers/gcpsecrets/gcpsecrets.go:41.2,41.41 1 0
github.com/helmfile/vals/pkg/providers/gcpsecrets/gcpsecrets.go:41.41,43.3 1 0
github.com/helmfile/vals/pkg/providers/gcpsecrets/gcpsecrets.go:44.2,44.10 1 0
github.com/helmfile/vals/pkg/providers/gcpsecrets/gcpsecrets.go:47.58,49.16 2 0
github.com/helmfile/vals/pkg/providers/gcpsecrets/gcpsecrets.go:49.16,51.3 1 0
github.com/helmfile/vals/pkg/providers/gcpsecrets/gcpsecrets.go:52.2,52.28 1 0
github.com/helmfile/vals/pkg/providers/gcpsecrets/gcpsecrets.go:55.77,57.16 2 0
github.com/helmfile/vals/pkg/providers/gcpsecrets/gcpsecrets.go:57.16,59.3 1 0
github.com/helmfile/vals/pkg/providers/gcpsecrets/gcpsecrets.go:60.2,61.59 2 0
github.com/helmfile/vals/pkg/providers/gcpsecrets/gcpsecrets.go:61.59,63.3 1 0
github.com/helmfile/vals/pkg/providers/gcpsecrets/gcpsecrets.go:64.2,64.23 1 0
github.com/helmfile/vals/pkg/providers/gcpsecrets/gcpsecrets.go:67.79,69.16 2 0
github.com/helmfile/vals/pkg/providers/gcpsecrets/gcpsecrets.go:69.16,72.3 2 0
github.com/helmfile/vals/pkg/providers/gcpsecrets/gcpsecrets.go:73.2,77.16 3 0
github.com/helmfile/vals/pkg/providers/gcpsecrets/gcpsecrets.go:77.16,78.17 1 0
github.com/helmfile/vals/pkg/providers/gcpsecrets/gcpsecrets.go:78.17,80.4 1 0
github.com/helmfile/vals/pkg/providers/gcpsecrets/gcpsecrets.go:82.3,82.24 1 0
github.com/helmfile/vals/pkg/providers/gcpsecrets/gcpsecrets.go:82.24,84.4 1 0
github.com/helmfile/vals/pkg/providers/gcpsecrets/gcpsecrets.go:86.3,86.58 1 0
github.com/helmfile/vals/pkg/providers/gcpsecrets/gcpsecrets.go:89.2,90.15 2 0
github.com/helmfile/vals/pkg/providers/gcpsecrets/gcpsecrets.go:90.15,92.3 1 0
github.com/helmfile/vals/pkg/providers/gcpsecrets/gcpsecrets.go:93.2,93.17 1 0
github.com/helmfile/vals/pkg/providers/gcs/gcs.go:24.42,29.2 3 0
github.com/helmfile/vals/pkg/providers/gcs/gcs.go:32.58,40.24 6 0
github.com/helmfile/vals/pkg/providers/gcs/gcs.go:40.24,42.17 2 0
github.com/helmfile/vals/pkg/providers/gcs/gcs.go:42.17,44.4 1 0
github.com/helmfile/vals/pkg/providers/gcs/gcs.go:45.3,45.17 1 0
github.com/helmfile/vals/pkg/providers/gcs/gcs.go:48.2,50.16 3 0
github.com/helmfile/vals/pkg/providers/gcs/gcs.go:50.16,52.3 1 0
github.com/helmfile/vals/pkg/providers/gcs/gcs.go:53.2,53.15 1 0
github.com/helmfile/vals/pkg/providers/gcs/gcs.go:53.15,55.3 1 0
github.com/helmfile/vals/pkg/providers/gcs/gcs.go:57.2,64.20 6 0
github.com/helmfile/vals/pkg/providers/gcs/gcs.go:64.20,66.17 2 0
github.com/helmfile/vals/pkg/providers/gcs/gcs.go:66.17,68.4 1 0
github.com/helmfile/vals/pkg/providers/gcs/gcs.go:69.3,69.10 1 0
github.com/helmfile/vals/pkg/providers/gcs/gcs.go:69.10,71.4 1 0
github.com/helmfile/vals/pkg/providers/gcs/gcs.go:73.3,74.17 2 0
github.com/helmfile/vals/pkg/providers/gcs/gcs.go:74.17,76.4 1 0
github.com/helmfile/vals/pkg/providers/gcs/gcs.go:77.8,79.17 2 0
github.com/helmfile/vals/pkg/providers/gcs/gcs.go:79.17,81.4 1 0
github.com/helmfile/vals/pkg/providers/gcs/gcs.go:84.2,84.15 1 0
github.com/helmfile/vals/pkg/providers/gcs/gcs.go:84.15,86.3 1 0
github.com/helmfile/vals/pkg/providers/gcs/gcs.go:88.2,89.16 2 0
github.com/helmfile/vals/pkg/providers/gcs/gcs.go:89.16,91.3 1 0
github.com/helmfile/vals/pkg/providers/gcs/gcs.go:93.2,93.27 1 0
github.com/helmfile/vals/pkg/providers/gcs/gcs.go:97.77,99.16 2 0
github.com/helmfile/vals/pkg/providers/gcs/gcs.go:99.16,102.3 2 0
github.com/helmfile/vals/pkg/providers/gcs/gcs.go:104.2,106.61 2 0
github.com/helmfile/vals/pkg/providers/gcs/gcs.go:106.61,108.3 1 0
github.com/helmfile/vals/pkg/providers/gcs/gcs.go:110.2,110.15 1 0
github.com/helmfile/vals/pkg/providers/gcs/gcs.go:114.73,116.16 2 0
github.com/helmfile/vals/pkg/providers/gcs/gcs.go:116.16,118.3 1 0
github.com/helmfile/vals/pkg/providers/gcs/gcs.go:120.2,120.37 1 0
github.com/helmfile/vals/pkg/providers/gitlab/gitlab.go:32.42,35.20 3 0
github.com/helmfile/vals/pkg/providers/gitlab/gitlab.go:35.20,37.3 1 0
github.com/helmfile/vals/pkg/providers/gitlab/gitlab.go:38.2,39.18 2 0
github.com/helmfile/vals/pkg/providers/gitlab/gitlab.go:39.18,41.3 1 0
github.com/helmfile/vals/pkg/providers/gitlab/gitlab.go:41.8,43.3 1 0
github.com/helmfile/vals/pkg/providers/gitlab/gitlab.go:45.2,45.45 1 0
github.com/helmfile/vals/pkg/providers/gitlab/gitlab.go:45.45,47.3 1 0
github.com/helmfile/vals/pkg/providers/gitlab/gitlab.go:47.8,49.3 1 0
github.com/helmfile/vals/pkg/providers/gitlab/gitlab.go:51.2,51.10 1 0
github.com/helmfile/vals/pkg/providers/gitlab/gitlab.go:55.58,58.9 3 0
github.com/helmfile/vals/pkg/providers/gitlab/gitlab.go:58.9,60.3 1 0
github.com/helmfile/vals/pkg/providers/gitlab/gitlab.go:62.2,74.16 5 0
github.com/helmfile/vals/pkg/providers/gitlab/gitlab.go:74.16,76.3 1 0
github.com/helmfile/vals/pkg/providers/gitlab/gitlab.go:77.2,83.16 3 0
github.com/helmfile/vals/pkg/providers/gitlab/gitlab.go:83.16,85.3 1 0
github.com/helmfile/vals/pkg/providers/gitlab/gitlab.go:87.2,87.15 1 0
github.com/helmfile/vals/pkg/providers/gitlab/gitlab.go:87.15,89.3 1 0
github.com/helmfile/vals/pkg/providers/gitlab/gitlab.go:91.2,93.16 3 0
github.com/helmfile/vals/pkg/providers/gitlab/gitlab.go:93.16,95.3 1 0
github.com/helmfile/vals/pkg/providers/gitlab/gitlab.go:97.2,97.21 1 0
github.com/helmfile/vals/pkg/providers/gitlab/gitlab.go:100.77,104.16 3 0
github.com/helmfile/vals/pkg/providers/gitlab/gitlab.go:104.16,106.3 1 0
github.com/helmfile/vals/pkg/providers/gitlab/gitlab.go:108.2,108.72 1 0
github.com/helmfile/vals/pkg/providers/gitlab/gitlab.go:108.72,110.3 1 0
github.com/helmfile/vals/pkg/providers/gitlab/gitlab.go:112.2,112.23 1 0
github.com/helmfile/vals/pkg/providers/gkms/gkms.go:25.57,34.2 6 0
github.com/helmfile/vals/pkg/providers/gkms/gkms.go:36.58,39.16 3 0
github.com/helmfile/vals/pkg/providers/gkms/gkms.go:39.16,41.3 1 0
github.com/helmfile/vals/pkg/providers/gkms/gkms.go:42.2,42.27 1 0
github.com/helmfile/vals/pkg/providers/gkms/gkms.go:45.77,48.16 3 0
github.com/helmfile/vals/pkg/providers/gkms/gkms.go:48.16,50.3 1 0
github.com/helmfile/vals/pkg/providers/gkms/gkms.go:51.2,52.57 2 0
github.com/helmfile/vals/pkg/providers/gkms/gkms.go:52.57,54.3 1 0
github.com/helmfile/vals/pkg/providers/gkms/gkms.go:55.2,55.22 1 0
github.com/helmfile/vals/pkg/providers/gkms/gkms.go:58.78,60.16 2 0
github.com/helmfile/vals/pkg/providers/gkms/gkms.go:60.16,63.3 2 0
github.com/helmfile/vals/pkg/providers/gkms/gkms.go:64.2,64.15 1 0
github.com/helmfile/vals/pkg/providers/gkms/gkms.go:64.15,65.35 1 0
github.com/helmfile/vals/pkg/providers/gkms/gkms.go:65.35,67.4 1 0
github.com/helmfile/vals/pkg/providers/gkms/gkms.go:69.2,70.16 2 0
github.com/helmfile/vals/pkg/providers/gkms/gkms.go:70.16,72.3 1 0
github.com/helmfile/vals/pkg/providers/gkms/gkms.go:73.2,79.16 3 0
github.com/helmfile/vals/pkg/providers/gkms/gkms.go:79.16,81.3 1 0
github.com/helmfile/vals/pkg/providers/gkms/gkms.go:82.2,82.28 1 0
github.com/helmfile/vals/pkg/providers/googlesheets/googlesheets.go:23.42,28.2 3 0
github.com/helmfile/vals/pkg/providers/googlesheets/googlesheets.go:30.58,33.16 3 0
github.com/helmfile/vals/pkg/providers/googlesheets/googlesheets.go:33.16,35.3 1 0
github.com/helmfile/vals/pkg/providers/googlesheets/googlesheets.go:37.2,37.47 1 0
github.com/helmfile/vals/pkg/providers/googlesheets/googlesheets.go:40.77,42.2 1 0
github.com/helmfile/vals/pkg/providers/googlesheets/googlesheets.go:48.79,50.16 2 0
github.com/helmfile/vals/pkg/providers/googlesheets/googlesheets.go:50.16,52.17 2 0
github.com/helmfile/vals/pkg/providers/googlesheets/googlesheets.go:52.17,54.4 1 0
github.com/helmfile/vals/pkg/providers/googlesheets/googlesheets.go:55.3,56.17 2 0
github.com/helmfile/vals/pkg/providers/googlesheets/googlesheets.go:56.17,58.4 1 0
github.com/helmfile/vals/pkg/providers/googlesheets/googlesheets.go:60.2,60.54 1 0
github.com/helmfile/vals/pkg/providers/googlesheets/googlesheets.go:64.68,70.47 4 0
github.com/helmfile/vals/pkg/providers/googlesheets/googlesheets.go:70.47,72.3 1 0
github.com/helmfile/vals/pkg/providers/googlesheets/googlesheets.go:74.2,75.16 2 0
github.com/helmfile/vals/pkg/providers/googlesheets/googlesheets.go:75.16,77.3 1 0
github.com/helmfile/vals/pkg/providers/googlesheets/googlesheets.go:78.2,78.17 1 0
github.com/helmfile/vals/pkg/providers/googlesheets/googlesheets.go:82.56,84.16 2 0
github.com/helmfile/vals/pkg/providers/googlesheets/googlesheets.go:84.16,86.3 1 0
github.com/helmfile/vals/pkg/providers/googlesheets/googlesheets.go:87.2,87.15 1 0
github.com/helmfile/vals/pkg/providers/googlesheets/googlesheets.go:87.15,89.3 1 0
github.com/helmfile/vals/pkg/providers/googlesheets/googlesheets.go:91.2,93.17 3 0
github.com/helmfile/vals/pkg/providers/googlesheets/googlesheets.go:97.56,100.16 3 0
github.com/helmfile/vals/pkg/providers/googlesheets/googlesheets.go:100.16,102.3 1 0
github.com/helmfile/vals/pkg/providers/googlesheets/googlesheets.go:103.2,103.15 1 0
github.com/helmfile/vals/pkg/providers/googlesheets/googlesheets.go:103.15,105.3 1 0
github.com/helmfile/vals/pkg/providers/googlesheets/googlesheets.go:106.2,106.41 1 0
github.com/helmfile/vals/pkg/providers/googlesheets/googlesheets.go:109.99,111.16 2 0
github.com/helmfile/vals/pkg/providers/googlesheets/googlesheets.go:111.16,113.3 1 0
github.com/helmfile/vals/pkg/providers/googlesheets/googlesheets.go:115.2,115.49 1 0
github.com/helmfile/vals/pkg/providers/googlesheets/googlesheets.go:118.99,120.16 2 0
github.com/helmfile/vals/pkg/providers/googlesheets/googlesheets.go:120.16,122.3 1 0
github.com/helmfile/vals/pkg/providers/googlesheets/googlesheets.go:123.2,123.37 1 0
github.com/helmfile/vals/pkg/providers/googlesheets/googlesheets.go:126.58,128.16 2 0
github.com/helmfile/vals/pkg/providers/googlesheets/googlesheets.go:128.16,130.3 1 0
github.com/helmfile/vals/pkg/providers/googlesheets/googlesheets.go:132.2,137.61 3 0
github.com/helmfile/vals/pkg/providers/googlesheets/googlesheets.go:137.61,139.3 1 0
github.com/helmfile/vals/pkg/providers/googlesheets/googlesheets.go:141.2,145.31 2 0
github.com/helmfile/vals/pkg/providers/googlesheets/googlesheets.go:146.25,147.46 1 0
github.com/helmfile/vals/pkg/providers/googlesheets/googlesheets.go:148.10,149.46 1 0
github.com/helmfile/vals/pkg/providers/googlesheets/googlesheets.go:153.111,155.16 2 0
github.com/helmfile/vals/pkg/providers/googlesheets/googlesheets.go:155.16,157.3 1 0
github.com/helmfile/vals/pkg/providers/googlesheets/googlesheets.go:159.2,161.16 3 0
github.com/helmfile/vals/pkg/providers/googlesheets/googlesheets.go:161.16,163.3 1 0
github.com/helmfile/vals/pkg/providers/googlesheets/googlesheets.go:165.2,166.34 2 0
github.com/helmfile/vals/pkg/providers/googlesheets/googlesheets.go:166.34,168.3 1 0
github.com/helmfile/vals/pkg/providers/googlesheets/googlesheets.go:170.2,170.17 1 0
github.com/helmfile/vals/pkg/providers/googlesheets/googlesheets.go:173.116,175.16 2 0
github.com/helmfile/vals/pkg/providers/googlesheets/googlesheets.go:175.16,177.3 1 0
github.com/helmfile/vals/pkg/providers/googlesheets/googlesheets.go:179.2,179.45 1 0
github.com/helmfile/vals/pkg/providers/hcpvaultsecrets/hcpvaultsecrets.go:27.57,33.22 3 0
github.com/helmfile/vals/pkg/providers/hcpvaultsecrets/hcpvaultsecrets.go:33.22,35.3 1 0
github.com/helmfile/vals/pkg/providers/hcpvaultsecrets/hcpvaultsecrets.go:36.2,37.26 2 0
github.com/helmfile/vals/pkg/providers/hcpvaultsecrets/hcpvaultsecrets.go:37.26,39.3 1 0
github.com/helmfile/vals/pkg/providers/hcpvaultsecrets/hcpvaultsecrets.go:40.2,41.28 2 0
github.com/helmfile/vals/pkg/providers/hcpvaultsecrets/hcpvaultsecrets.go:41.28,43.3 1 0
github.com/helmfile/vals/pkg/providers/hcpvaultsecrets/hcpvaultsecrets.go:44.2,45.30 2 0
github.com/helmfile/vals/pkg/providers/hcpvaultsecrets/hcpvaultsecrets.go:45.30,47.3 1 0
github.com/helmfile/vals/pkg/providers/hcpvaultsecrets/hcpvaultsecrets.go:48.2,49.23 2 0
github.com/helmfile/vals/pkg/providers/hcpvaultsecrets/hcpvaultsecrets.go:49.23,51.3 1 0
github.com/helmfile/vals/pkg/providers/hcpvaultsecrets/hcpvaultsecrets.go:52.2,53.25 2 0
github.com/helmfile/vals/pkg/providers/hcpvaultsecrets/hcpvaultsecrets.go:53.25,55.3 1 0
github.com/helmfile/vals/pkg/providers/hcpvaultsecrets/hcpvaultsecrets.go:57.2,57.63 1 0
github.com/helmfile/vals/pkg/providers/hcpvaultsecrets/hcpvaultsecrets.go:57.63,59.3 1 0
github.com/helmfile/vals/pkg/providers/hcpvaultsecrets/hcpvaultsecrets.go:61.2,61.46 1 0
github.com/helmfile/vals/pkg/providers/hcpvaultsecrets/hcpvaultsecrets.go:61.46,63.3 1 0
github.com/helmfile/vals/pkg/providers/hcpvaultsecrets/hcpvaultsecrets.go:65.2,65.10 1 0
github.com/helmfile/vals/pkg/providers/hcpvaultsecrets/hcpvaultsecrets.go:68.58,70.16 2 0
github.com/helmfile/vals/pkg/providers/hcpvaultsecrets/hcpvaultsecrets.go:70.16,72.3 1 0
github.com/helmfile/vals/pkg/providers/hcpvaultsecrets/hcpvaultsecrets.go:74.2,74.49 1 0
github.com/helmfile/vals/pkg/providers/hcpvaultsecrets/hcpvaultsecrets.go:74.49,76.17 2 0
github.com/helmfile/vals/pkg/providers/hcpvaultsecrets/hcpvaultsecrets.go:76.17,78.4 1 0
github.com/helmfile/vals/pkg/providers/hcpvaultsecrets/hcpvaultsecrets.go:79.3,79.29 1 0
github.com/helmfile/vals/pkg/providers/hcpvaultsecrets/hcpvaultsecrets.go:79.29,81.18 2 0
github.com/helmfile/vals/pkg/providers/hcpvaultsecrets/hcpvaultsecrets.go:81.18,83.5 1 0
github.com/helmfile/vals/pkg/providers/hcpvaultsecrets/hcpvaultsecrets.go:85.3,85.24 1 0
github.com/helmfile/vals/pkg/providers/hcpvaultsecrets/hcpvaultsecrets.go:85.24,87.18 2 0
github.com/helmfile/vals/pkg/providers/hcpvaultsecrets/hcpvaultsecrets.go:87.18,89.5 1 0
github.com/helmfile/vals/pkg/providers/hcpvaultsecrets/hcpvaultsecrets.go:93.2,94.16 2 0
github.com/helmfile/vals/pkg/providers/hcpvaultsecrets/hcpvaultsecrets.go:94.16,96.3 1 0
github.com/helmfile/vals/pkg/providers/hcpvaultsecrets/hcpvaultsecrets.go:98.2,99.16 2 0
github.com/helmfile/vals/pkg/providers/hcpvaultsecrets/hcpvaultsecrets.go:99.16,101.3 1 0
github.com/helmfile/vals/pkg/providers/hcpvaultsecrets/hcpvaultsecrets.go:103.2,103.19 1 0
github.com/helmfile/vals/pkg/providers/hcpvaultsecrets/hcpvaultsecrets.go:111.56,114.26 2 6
github.com/helmfile/vals/pkg/providers/hcpvaultsecrets/hcpvaultsecrets.go:114.26,117.3 2 2
github.com/helmfile/vals/pkg/providers/hcpvaultsecrets/hcpvaultsecrets.go:119.2,119.44 1 4
github.com/helmfile/vals/pkg/providers/hcpvaultsecrets/hcpvaultsecrets.go:119.44,122.3 2 1
github.com/helmfile/vals/pkg/providers/hcpvaultsecrets/hcpvaultsecrets.go:124.2,124.44 1 3
github.com/helmfile/vals/pkg/providers/hcpvaultsecrets/hcpvaultsecrets.go:124.44,127.3 2 1
github.com/helmfile/vals/pkg/providers/hcpvaultsecrets/hcpvaultsecrets.go:129.2,131.8 3 2
github.com/helmfile/vals/pkg/providers/hcpvaultsecrets/hcpvaultsecrets.go:134.54,135.19 1 3
github.com/helmfile/vals/pkg/providers/hcpvaultsecrets/hcpvaultsecrets.go:135.19,138.3 2 1
github.com/helmfile/vals/pkg/providers/hcpvaultsecrets/hcpvaultsecrets.go:139.2,140.16 2 2
github.com/helmfile/vals/pkg/providers/hcpvaultsecrets/hcpvaultsecrets.go:140.16,143.3 2 1
github.com/helmfile/vals/pkg/providers/hcpvaultsecrets/hcpvaultsecrets.go:144.2,145.12 2 1
github.com/helmfile/vals/pkg/providers/hcpvaultsecrets/hcpvaultsecrets.go:148.77,151.16 3 0
github.com/helmfile/vals/pkg/providers/hcpvaultsecrets/hcpvaultsecrets.go:151.16,153.3 1 0
github.com/helmfile/vals/pkg/providers/hcpvaultsecrets/hcpvaultsecrets.go:155.2,156.16 2 0
github.com/helmfile/vals/pkg/providers/hcpvaultsecrets/hcpvaultsecrets.go:156.16,158.3 1 0
github.com/helmfile/vals/pkg/providers/hcpvaultsecrets/hcpvaultsecrets.go:159.2,159.15 1 0
github.com/helmfile/vals/pkg/providers/hcpvaultsecrets/hcpvaultutils.go:15.64,22.16 2 0
github.com/helmfile/vals/pkg/providers/hcpvaultsecrets/hcpvaultutils.go:22.16,24.3 1 0
github.com/helmfile/vals/pkg/providers/hcpvaultsecrets/hcpvaultutils.go:26.2,29.16 2 0
github.com/helmfile/vals/pkg/providers/hcpvaultsecrets/hcpvaultutils.go:29.16,31.3 1 0
github.com/helmfile/vals/pkg/providers/hcpvaultsecrets/hcpvaultutils.go:32.2,32.16 1 0
github.com/helmfile/vals/pkg/providers/hcpvaultsecrets/hcpvaultutils.go:35.92,37.16 2 0
github.com/helmfile/vals/pkg/providers/hcpvaultsecrets/hcpvaultutils.go:37.16,39.3 1 0
github.com/helmfile/vals/pkg/providers/hcpvaultsecrets/hcpvaultutils.go:41.2,42.22 2 0
github.com/helmfile/vals/pkg/providers/hcpvaultsecrets/hcpvaultutils.go:45.85,47.16 2 0
github.com/helmfile/vals/pkg/providers/hcpvaultsecrets/hcpvaultutils.go:47.16,49.3 1 0
github.com/helmfile/vals/pkg/providers/hcpvaultsecrets/hcpvaultutils.go:51.2,52.22 2 0
github.com/helmfile/vals/pkg/providers/hcpvaultsecrets/hcpvaultutils.go:55.103,57.16 2 0
github.com/helmfile/vals/pkg/providers/hcpvaultsecrets/hcpvaultutils.go:57.16,59.3 1 0
github.com/helmfile/vals/pkg/providers/hcpvaultsecrets/hcpvaultutils.go:61.2,61.30 1 0
github.com/helmfile/vals/pkg/providers/hcpvaultsecrets/hcpvaultutils.go:61.30,62.59 1 0
github.com/helmfile/vals/pkg/providers/hcpvaultsecrets/hcpvaultutils.go:62.59,63.38 1 0
github.com/helmfile/vals/pkg/providers/hcpvaultsecrets/hcpvaultutils.go:63.38,65.5 1 0
github.com/helmfile/vals/pkg/providers/hcpvaultsecrets/hcpvaultutils.go:68.2,68.51 1 0
github.com/helmfile/vals/pkg/providers/hcpvaultsecrets/hcpvaultutils.go:68.51,70.3 1 0
github.com/helmfile/vals/pkg/providers/hcpvaultsecrets/hcpvaultutils.go:71.2,71.55 1 0
github.com/helmfile/vals/pkg/providers/hcpvaultsecrets/hcpvaultutils.go:74.98,81.16 3 0
github.com/helmfile/vals/pkg/providers/hcpvaultsecrets/hcpvaultutils.go:81.16,83.3 1 0
github.com/helmfile/vals/pkg/providers/hcpvaultsecrets/hcpvaultutils.go:85.2,85.41 1 0
github.com/helmfile/vals/pkg/providers/hcpvaultsecrets/hcpvaultutils.go:85.41,87.3 1 0
github.com/helmfile/vals/pkg/providers/hcpvaultsecrets/hcpvaultutils.go:89.2,89.25 1 0
github.com/helmfile/vals/pkg/providers/hcpvaultsecrets/hcpvaultutils.go:89.25,90.53 1 0
github.com/helmfile/vals/pkg/providers/hcpvaultsecrets/hcpvaultutils.go:90.53,91.37 1 0
github.com/helmfile/vals/pkg/providers/hcpvaultsecrets/hcpvaultutils.go:91.37,93.5 1 0
github.com/helmfile/vals/pkg/providers/hcpvaultsecrets/hcpvaultutils.go:97.2,97.45 1 0
github.com/helmfile/vals/pkg/providers/hcpvaultsecrets/hcpvaultutils.go:100.130,109.16 2 0
github.com/helmfile/vals/pkg/providers/hcpvaultsecrets/hcpvaultutils.go:109.16,111.3 1 0
github.com/helmfile/vals/pkg/providers/hcpvaultsecrets/hcpvaultutils.go:113.2,113.50 1 0
github.com/helmfile/vals/pkg/providers/hcpvaultsecrets/hcpvaultutils.go:116.137,126.16 2 0
github.com/helmfile/vals/pkg/providers/hcpvaultsecrets/hcpvaultutils.go:126.16,128.3 1 0
github.com/helmfile/vals/pkg/providers/hcpvaultsecrets/hcpvaultutils.go:130.2,130.43 1 0
github.com/helmfile/vals/pkg/providers/hcpvaultsecrets/hcpvaultutils.go:133.126,134.21 1 0
github.com/helmfile/vals/pkg/providers/hcpvaultsecrets/hcpvaultutils.go:134.21,136.3 1 0
github.com/helmfile/vals/pkg/providers/hcpvaultsecrets/hcpvaultutils.go:137.2,137.62 1 0
github.com/helmfile/vals/pkg/providers/httpjson/httpjson.go:24.57,32.27 4 0
github.com/helmfile/vals/pkg/providers/httpjson/httpjson.go:32.27,34.3 1 0
github.com/helmfile/vals/pkg/providers/httpjson/httpjson.go:37.2,39.29 3 0
github.com/helmfile/vals/pkg/providers/httpjson/httpjson.go:39.29,41.3 1 0
github.com/helmfile/vals/pkg/providers/httpjson/httpjson.go:44.2,44.22 1 0
github.com/helmfile/vals/pkg/providers/httpjson/httpjson.go:44.22,46.3 1 0
github.com/helmfile/vals/pkg/providers/httpjson/httpjson.go:48.2,48.10 1 0
github.com/helmfile/vals/pkg/providers/httpjson/httpjson.go:51.70,53.21 2 0
github.com/helmfile/vals/pkg/providers/httpjson/httpjson.go:53.21,55.3 1 0
github.com/helmfile/vals/pkg/providers/httpjson/httpjson.go:56.2,57.16 2 0
github.com/helmfile/vals/pkg/providers/httpjson/httpjson.go:57.16,59.3 1 0
github.com/helmfile/vals/pkg/providers/httpjson/httpjson.go:60.2,62.29 2 0
github.com/helmfile/vals/pkg/providers/httpjson/httpjson.go:65.65,74.21 5 0
github.com/helmfile/vals/pkg/providers/httpjson/httpjson.go:74.21,76.3 1 0
github.com/helmfile/vals/pkg/providers/httpjson/httpjson.go:78.2,78.26 1 0
github.com/helmfile/vals/pkg/providers/httpjson/httpjson.go:78.26,80.3 1 0
github.com/helmfile/vals/pkg/providers/httpjson/httpjson.go:82.2,84.57 2 0
github.com/helmfile/vals/pkg/providers/httpjson/httpjson.go:84.57,86.3 1 0
github.com/helmfile/vals/pkg/providers/httpjson/httpjson.go:88.2,90.32 2 0
github.com/helmfile/vals/pkg/providers/httpjson/httpjson.go:93.49,94.31 1 0
github.com/helmfile/vals/pkg/providers/httpjson/httpjson.go:94.31,96.17 2 0
github.com/helmfile/vals/pkg/providers/httpjson/httpjson.go:96.17,98.4 1 0
github.com/helmfile/vals/pkg/providers/httpjson/httpjson.go:99.3,100.20 2 0
github.com/helmfile/vals/pkg/providers/httpjson/httpjson.go:103.2,103.12 1 0
github.com/helmfile/vals/pkg/providers/httpjson/httpjson.go:106.58,108.16 2 0
github.com/helmfile/vals/pkg/providers/httpjson/httpjson.go:108.16,110.3 1 0
github.com/helmfile/vals/pkg/providers/httpjson/httpjson.go:111.2,112.16 2 0
github.com/helmfile/vals/pkg/providers/httpjson/httpjson.go:112.16,114.3 1 0
github.com/helmfile/vals/pkg/providers/httpjson/httpjson.go:115.2,116.16 2 0
github.com/helmfile/vals/pkg/providers/httpjson/httpjson.go:116.16,118.3 1 0
github.com/helmfile/vals/pkg/providers/httpjson/httpjson.go:120.2,123.16 4 0
github.com/helmfile/vals/pkg/providers/httpjson/httpjson.go:123.16,125.3 1 0
github.com/helmfile/vals/pkg/providers/httpjson/httpjson.go:127.2,127.17 1 0
github.com/helmfile/vals/pkg/providers/httpjson/httpjson.go:127.17,129.3 1 0
github.com/helmfile/vals/pkg/providers/httpjson/httpjson.go:131.2,131.49 1 0
github.com/helmfile/vals/pkg/providers/httpjson/httpjson.go:131.49,133.3 1 0
github.com/helmfile/vals/pkg/providers/httpjson/httpjson.go:135.2,137.26 2 0
github.com/helmfile/vals/pkg/providers/httpjson/httpjson.go:137.26,138.73 1 0
github.com/helmfile/vals/pkg/providers/httpjson/httpjson.go:138.73,140.4 1 0
github.com/helmfile/vals/pkg/providers/httpjson/httpjson.go:141.3,141.42 1 0
github.com/helmfile/vals/pkg/providers/httpjson/httpjson.go:142.8,144.3 1 0
github.com/helmfile/vals/pkg/providers/httpjson/httpjson.go:146.2,146.18 1 0
github.com/helmfile/vals/pkg/providers/httpjson/httpjson.go:146.18,148.17 2 0
github.com/helmfile/vals/pkg/providers/httpjson/httpjson.go:148.17,150.4 1 0
github.com/helmfile/vals/pkg/providers/httpjson/httpjson.go:151.3,151.46 1 0
github.com/helmfile/vals/pkg/providers/httpjson/httpjson.go:154.2,154.25 1 0
github.com/helmfile/vals/pkg/providers/httpjson/httpjson.go:157.48,160.72 2 0
github.com/helmfile/vals/pkg/providers/httpjson/httpjson.go:160.72,162.3 1 0
github.com/helmfile/vals/pkg/providers/httpjson/httpjson.go:163.2,163.14 1 0
github.com/helmfile/vals/pkg/providers/httpjson/httpjson.go:166.77,168.2 1 0
github.com/helmfile/vals/pkg/providers/k8s/k8s.go:26.66,34.18 4 12
github.com/helmfile/vals/pkg/providers/k8s/k8s.go:34.18,36.17 2 12
github.com/helmfile/vals/pkg/providers/k8s/k8s.go:36.17,39.4 2 12
github.com/helmfile/vals/pkg/providers/k8s/k8s.go:41.3,43.26 2 0
github.com/helmfile/vals/pkg/providers/k8s/k8s.go:43.26,45.4 1 0
github.com/helmfile/vals/pkg/providers/k8s/k8s.go:48.2,48.15 1 0
github.com/helmfile/vals/pkg/providers/k8s/k8s.go:51.62,53.40 1 17
github.com/helmfile/vals/pkg/providers/k8s/k8s.go:53.40,54.66 1 14
github.com/helmfile/vals/pkg/providers/k8s/k8s.go:54.66,56.4 1 14
github.com/helmfile/vals/pkg/providers/k8s/k8s.go:57.3,57.43 1 0
github.com/helmfile/vals/pkg/providers/k8s/k8s.go:61.2,61.55 1 3
github.com/helmfile/vals/pkg/providers/k8s/k8s.go:61.55,62.45 1 2
github.com/helmfile/vals/pkg/providers/k8s/k8s.go:62.45,64.4 1 2
github.com/helmfile/vals/pkg/providers/k8s/k8s.go:65.3,65.22 1 0
github.com/helmfile/vals/pkg/providers/k8s/k8s.go:69.2,70.16 2 1
github.com/helmfile/vals/pkg/providers/k8s/k8s.go:70.16,72.3 1 0
github.com/helmfile/vals/pkg/providers/k8s/k8s.go:74.2,75.48 2 1
github.com/helmfile/vals/pkg/providers/k8s/k8s.go:75.48,77.3 1 0
github.com/helmfile/vals/pkg/providers/k8s/k8s.go:79.2,79.173 1 1
github.com/helmfile/vals/pkg/providers/k8s/k8s.go:82.59,86.22 3 0
github.com/helmfile/vals/pkg/providers/k8s/k8s.go:86.22,88.3 1 0
github.com/helmfile/vals/pkg/providers/k8s/k8s.go:90.2,96.24 6 0
github.com/helmfile/vals/pkg/providers/k8s/k8s.go:96.24,98.3 1 0
github.com/helmfile/vals/pkg/providers/k8s/k8s.go:100.2,101.16 2 0
github.com/helmfile/vals/pkg/providers/k8s/k8s.go:101.16,103.3 1 0
github.com/helmfile/vals/pkg/providers/k8s/k8s.go:105.2,106.13 2 0
github.com/helmfile/vals/pkg/providers/k8s/k8s.go:106.13,108.3 1 0
github.com/helmfile/vals/pkg/providers/k8s/k8s.go:111.2,112.25 2 0
github.com/helmfile/vals/pkg/providers/k8s/k8s.go:112.25,114.3 1 0
github.com/helmfile/vals/pkg/providers/k8s/k8s.go:115.2,117.20 2 0
github.com/helmfile/vals/pkg/providers/k8s/k8s.go:120.78,122.2 1 0
github.com/helmfile/vals/pkg/providers/k8s/k8s.go:125.50,126.37 1 2
github.com/helmfile/vals/pkg/providers/k8s/k8s.go:126.37,128.3 1 1
github.com/helmfile/vals/pkg/providers/k8s/k8s.go:129.2,129.11 1 1
github.com/helmfile/vals/pkg/providers/k8s/k8s.go:133.99,139.2 1 9
github.com/helmfile/vals/pkg/providers/k8s/k8s.go:142.167,146.15 3 10
github.com/helmfile/vals/pkg/providers/k8s/k8s.go:146.15,148.3 1 1
github.com/helmfile/vals/pkg/providers/k8s/k8s.go:148.8,150.3 1 9
github.com/helmfile/vals/pkg/providers/k8s/k8s.go:152.2,152.16 1 10
github.com/helmfile/vals/pkg/providers/k8s/k8s.go:152.16,154.3 1 10
github.com/helmfile/vals/pkg/providers/k8s/k8s.go:156.2,157.16 2 0
github.com/helmfile/vals/pkg/providers/k8s/k8s.go:157.16,159.3 1 0
github.com/helmfile/vals/pkg/providers/k8s/k8s.go:161.2,163.14 2 0
github.com/helmfile/vals/pkg/providers/k8s/k8s.go:164.16,166.17 2 0
github.com/helmfile/vals/pkg/providers/k8s/k8s.go:166.17,168.4 1 0
github.com/helmfile/vals/pkg/providers/k8s/k8s.go:169.3,169.50 1 0
github.com/helmfile/vals/pkg/providers/k8s/k8s.go:170.19,172.17 2 0
github.com/helmfile/vals/pkg/providers/k8s/k8s.go:172.17,174.4 1 0
github.com/helmfile/vals/pkg/providers/k8s/k8s.go:175.3,175.26 1 0
github.com/helmfile/vals/pkg/providers/k8s/k8s.go:176.10,177.92 1 0
github.com/helmfile/vals/pkg/providers/k8s/k8s.go:180.2,180.20 1 0
github.com/helmfile/vals/pkg/providers/k8s/k8s.go:183.77,186.34 2 0
github.com/helmfile/vals/pkg/providers/k8s/k8s.go:186.34,188.3 1 0
github.com/helmfile/vals/pkg/providers/k8s/k8s.go:190.2,190.18 1 0
github.com/helmfile/vals/pkg/providers/keychain/keychain.go:20.42,23.2 2 0
github.com/helmfile/vals/pkg/providers/keychain/keychain.go:26.27,28.19 1 13
github.com/helmfile/vals/pkg/providers/keychain/keychain.go:28.19,30.3 1 3
github.com/helmfile/vals/pkg/providers/keychain/keychain.go:33.2,34.19 2 10
github.com/helmfile/vals/pkg/providers/keychain/keychain.go:38.22,40.2 1 0
github.com/helmfile/vals/pkg/providers/keychain/keychain.go:43.52,44.17 1 0
github.com/helmfile/vals/pkg/providers/keychain/keychain.go:44.17,46.3 1 0
github.com/helmfile/vals/pkg/providers/keychain/keychain.go:49.2,52.16 3 0
github.com/helmfile/vals/pkg/providers/keychain/keychain.go:52.16,54.3 1 0
github.com/helmfile/vals/pkg/providers/keychain/keychain.go:56.2,60.25 3 0
github.com/helmfile/vals/pkg/providers/keychain/keychain.go:60.25,62.17 2 0
github.com/helmfile/vals/pkg/providers/keychain/keychain.go:62.17,64.4 1 0
github.com/helmfile/vals/pkg/providers/keychain/keychain.go:67.2,67.20 1 0
github.com/helmfile/vals/pkg/providers/keychain/keychain.go:70.58,75.16 4 0
github.com/helmfile/vals/pkg/providers/keychain/keychain.go:75.16,77.3 1 0
github.com/helmfile/vals/pkg/providers/keychain/keychain.go:79.2,79.28 1 0
github.com/helmfile/vals/pkg/providers/keychain/keychain.go:82.77,87.16 4 0
github.com/helmfile/vals/pkg/providers/keychain/keychain.go:87.16,89.3 1 0
github.com/helmfile/vals/pkg/providers/keychain/keychain.go:91.2,92.51 2 0
github.com/helmfile/vals/pkg/providers/keychain/keychain.go:92.51,94.3 1 0
github.com/helmfile/vals/pkg/providers/keychain/keychain.go:95.2,95.15 1 0
github.com/helmfile/vals/pkg/providers/onepassword/onepassword.go:18.42,22.2 2 0
github.com/helmfile/vals/pkg/providers/onepassword/onepassword.go:25.58,30.21 3 0
github.com/helmfile/vals/pkg/providers/onepassword/onepassword.go:30.21,38.17 3 0
github.com/helmfile/vals/pkg/providers/onepassword/onepassword.go:38.17,40.4 1 0
github.com/helmfile/vals/pkg/providers/onepassword/onepassword.go:42.3,42.20 1 0
github.com/helmfile/vals/pkg/providers/onepassword/onepassword.go:45.2,47.16 3 0
github.com/helmfile/vals/pkg/providers/onepassword/onepassword.go:47.16,49.3 1 0
github.com/helmfile/vals/pkg/providers/onepassword/onepassword.go:51.2,51.18 1 0
github.com/helmfile/vals/pkg/providers/onepassword/onepassword.go:54.77,56.2 1 0
github.com/helmfile/vals/pkg/providers/onepasswordconnect/onepasswordconnect.go:19.42,23.2 2 0
github.com/helmfile/vals/pkg/providers/onepasswordconnect/onepasswordconnect.go:26.58,30.21 3 0
github.com/helmfile/vals/pkg/providers/onepasswordconnect/onepasswordconnect.go:30.21,32.3 1 0
github.com/helmfile/vals/pkg/providers/onepasswordconnect/onepasswordconnect.go:34.2,34.21 1 0
github.com/helmfile/vals/pkg/providers/onepasswordconnect/onepasswordconnect.go:34.21,36.17 2 0
github.com/helmfile/vals/pkg/providers/onepasswordconnect/onepasswordconnect.go:36.17,38.4 1 0
github.com/helmfile/vals/pkg/providers/onepasswordconnect/onepasswordconnect.go:40.3,40.20 1 0
github.com/helmfile/vals/pkg/providers/onepasswordconnect/onepasswordconnect.go:43.2,44.16 2 0
github.com/helmfile/vals/pkg/providers/onepasswordconnect/onepasswordconnect.go:44.16,46.3 1 0
github.com/helmfile/vals/pkg/providers/onepasswordconnect/onepasswordconnect.go:48.2,50.32 2 0
github.com/helmfile/vals/pkg/providers/onepasswordconnect/onepasswordconnect.go:50.32,53.23 2 0
github.com/helmfile/vals/pkg/providers/onepasswordconnect/onepasswordconnect.go:53.23,55.4 1 0
github.com/helmfile/vals/pkg/providers/onepasswordconnect/onepasswordconnect.go:55.9,56.29 1 0
github.com/helmfile/vals/pkg/providers/onepasswordconnect/onepasswordconnect.go:56.29,61.5 4 0
github.com/helmfile/vals/pkg/providers/onepasswordconnect/onepasswordconnect.go:62.4,65.23 4 0
github.com/helmfile/vals/pkg/providers/onepasswordconnect/onepasswordconnect.go:68.2,70.16 3 0
github.com/helmfile/vals/pkg/providers/onepasswordconnect/onepasswordconnect.go:70.16,72.3 1 0
github.com/helmfile/vals/pkg/providers/onepasswordconnect/onepasswordconnect.go:74.2,74.32 1 0
github.com/helmfile/vals/pkg/providers/onepasswordconnect/onepasswordconnect.go:78.77,80.16 2 0
github.com/helmfile/vals/pkg/providers/onepasswordconnect/onepasswordconnect.go:80.16,83.3 2 0
github.com/helmfile/vals/pkg/providers/onepasswordconnect/onepasswordconnect.go:85.2,87.61 2 0
github.com/helmfile/vals/pkg/providers/onepasswordconnect/onepasswordconnect.go:87.61,89.3 1 0
github.com/helmfile/vals/pkg/providers/onepasswordconnect/onepasswordconnect.go:91.2,91.15 1 0
github.com/helmfile/vals/pkg/providers/pulumi/pulumi.go:35.114,36.50 1 2
github.com/helmfile/vals/pkg/providers/pulumi/pulumi.go:36.50,37.100 1 2
github.com/helmfile/vals/pkg/providers/pulumi/pulumi.go:37.100,39.4 1 1
github.com/helmfile/vals/pkg/providers/pulumi/pulumi.go:41.2,41.12 1 1
github.com/helmfile/vals/pkg/providers/pulumi/pulumi.go:57.107,59.27 2 2
github.com/helmfile/vals/pkg/providers/pulumi/pulumi.go:60.16,61.67 1 1
github.com/helmfile/vals/pkg/providers/pulumi/pulumi.go:62.17,63.68 1 1
github.com/helmfile/vals/pkg/providers/pulumi/pulumi.go:65.2,65.32 1 2
github.com/helmfile/vals/pkg/providers/pulumi/pulumi.go:68.73,74.43 2 0
github.com/helmfile/vals/pkg/providers/pulumi/pulumi.go:74.43,76.3 1 0
github.com/helmfile/vals/pkg/providers/pulumi/pulumi.go:76.8,78.35 2 0
github.com/helmfile/vals/pkg/providers/pulumi/pulumi.go:78.35,80.4 1 0
github.com/helmfile/vals/pkg/providers/pulumi/pulumi.go:83.2,85.32 2 0
github.com/helmfile/vals/pkg/providers/pulumi/pulumi.go:85.32,87.3 1 0
github.com/helmfile/vals/pkg/providers/pulumi/pulumi.go:87.8,89.3 1 0
github.com/helmfile/vals/pkg/providers/pulumi/pulumi.go:91.2,91.27 1 0
github.com/helmfile/vals/pkg/providers/pulumi/pulumi.go:91.27,93.3 1 0
github.com/helmfile/vals/pkg/providers/pulumi/pulumi.go:93.8,95.3 1 0
github.com/helmfile/vals/pkg/providers/pulumi/pulumi.go:97.2,97.25 1 0
github.com/helmfile/vals/pkg/providers/pulumi/pulumi.go:97.25,99.3 1 0
github.com/helmfile/vals/pkg/providers/pulumi/pulumi.go:99.8,101.3 1 0
github.com/helmfile/vals/pkg/providers/pulumi/pulumi.go:103.2,106.10 2 0
github.com/helmfile/vals/pkg/providers/pulumi/pulumi.go:109.58,113.22 2 0
github.com/helmfile/vals/pkg/providers/pulumi/pulumi.go:113.22,115.3 1 0
github.com/helmfile/vals/pkg/providers/pulumi/pulumi.go:117.2,127.19 7 0
github.com/helmfile/vals/pkg/providers/pulumi/pulumi.go:128.24,129.41 1 0
github.com/helmfile/vals/pkg/providers/pulumi/pulumi.go:130.10,131.57 1 0
github.com/helmfile/vals/pkg/providers/pulumi/pulumi.go:133.2,133.16 1 0
github.com/helmfile/vals/pkg/providers/pulumi/pulumi.go:133.16,135.3 1 0
github.com/helmfile/vals/pkg/providers/pulumi/pulumi.go:137.2,138.21 2 0
github.com/helmfile/vals/pkg/providers/pulumi/pulumi.go:138.21,140.3 1 0
github.com/helmfile/vals/pkg/providers/pulumi/pulumi.go:142.2,144.28 2 0
github.com/helmfile/vals/pkg/providers/pulumi/pulumi.go:147.77,149.2 1 0
github.com/helmfile/vals/pkg/providers/pulumi/pulumi.go:154.49,156.2 1 4
github.com/helmfile/vals/pkg/providers/pulumi/pulumi.go:158.66,163.16 4 0
github.com/helmfile/vals/pkg/providers/pulumi/pulumi.go:163.16,165.3 1 0
github.com/helmfile/vals/pkg/providers/pulumi/pulumi.go:167.2,172.16 5 0
github.com/helmfile/vals/pkg/providers/pulumi/pulumi.go:172.16,174.3 1 0
github.com/helmfile/vals/pkg/providers/pulumi/pulumi.go:175.2,175.15 1 0
github.com/helmfile/vals/pkg/providers/pulumi/pulumi.go:175.15,177.3 1 0
github.com/helmfile/vals/pkg/providers/pulumi/pulumi.go:179.2,180.16 2 0
github.com/helmfile/vals/pkg/providers/pulumi/pulumi.go:180.16,182.3 1 0
github.com/helmfile/vals/pkg/providers/pulumi/pulumi.go:183.2,183.42 1 0
github.com/helmfile/vals/pkg/providers/pulumi/pulumi.go:183.42,186.3 1 0
github.com/helmfile/vals/pkg/providers/pulumi/pulumi.go:188.2,190.16 3 0
github.com/helmfile/vals/pkg/providers/pulumi/pulumi.go:190.16,192.3 1 0
github.com/helmfile/vals/pkg/providers/pulumi/pulumi.go:193.2,193.19 1 0
github.com/helmfile/vals/pkg/providers/s3/s3.go:31.57,37.21 4 4
github.com/helmfile/vals/pkg/providers/s3/s3.go:37.21,39.3 1 4
github.com/helmfile/vals/pkg/providers/s3/s3.go:40.2,43.10 3 4
github.com/helmfile/vals/pkg/providers/s3/s3.go:47.58,58.21 5 4
github.com/helmfile/vals/pkg/providers/s3/s3.go:58.21,60.3 1 0
github.com/helmfile/vals/pkg/providers/s3/s3.go:62.2,63.16 2 4
github.com/helmfile/vals/pkg/providers/s3/s3.go:63.16,65.3 1 2
github.com/helmfile/vals/pkg/providers/s3/s3.go:67.2,70.16 3 2
github.com/helmfile/vals/pkg/providers/s3/s3.go:70.16,72.3 1 0
github.com/helmfile/vals/pkg/providers/s3/s3.go:74.2,74.25 1 2
github.com/helmfile/vals/pkg/providers/s3/s3.go:77.77,79.16 2 2
github.com/helmfile/vals/pkg/providers/s3/s3.go:79.16,81.3 1 1
github.com/helmfile/vals/pkg/providers/s3/s3.go:83.2,85.61 2 1
github.com/helmfile/vals/pkg/providers/s3/s3.go:85.61,87.3 1 0
github.com/helmfile/vals/pkg/providers/s3/s3.go:89.2,89.15 1 1
github.com/helmfile/vals/pkg/providers/s3/s3.go:92.48,93.23 1 4
github.com/helmfile/vals/pkg/providers/s3/s3.go:93.23,95.3 1 4
github.com/helmfile/vals/pkg/providers/s3/s3.go:97.2,100.19 3 0
github.com/helmfile/vals/pkg/providers/sops/sops.go:23.57,29.21 4 0
github.com/helmfile/vals/pkg/providers/sops/sops.go:29.21,31.3 1 0
github.com/helmfile/vals/pkg/providers/sops/sops.go:32.2,32.10 1 0
github.com/helmfile/vals/pkg/providers/sops/sops.go:36.58,38.16 2 0
github.com/helmfile/vals/pkg/providers/sops/sops.go:38.16,40.3 1 0
github.com/helmfile/vals/pkg/providers/sops/sops.go:41.2,41.31 1 0
github.com/helmfile/vals/pkg/providers/sops/sops.go:44.77,46.16 2 0
github.com/helmfile/vals/pkg/providers/sops/sops.go:46.16,48.3 1 0
github.com/helmfile/vals/pkg/providers/sops/sops.go:50.2,52.56 2 0
github.com/helmfile/vals/pkg/providers/sops/sops.go:52.56,54.3 1 0
github.com/helmfile/vals/pkg/providers/sops/sops.go:56.2,58.17 2 0
github.com/helmfile/vals/pkg/providers/sops/sops.go:61.56,62.20 1 0
github.com/helmfile/vals/pkg/providers/sops/sops.go:62.20,64.3 1 0
github.com/helmfile/vals/pkg/providers/sops/sops.go:65.2,65.22 1 0
github.com/helmfile/vals/pkg/providers/sops/sops.go:68.70,69.19 1 0
github.com/helmfile/vals/pkg/providers/sops/sops.go:70.16,72.17 2 0
github.com/helmfile/vals/pkg/providers/sops/sops.go:72.17,74.4 1 0
github.com/helmfile/vals/pkg/providers/sops/sops.go:75.3,75.36 1 0
github.com/helmfile/vals/pkg/providers/sops/sops.go:76.18,77.41 1 0
github.com/helmfile/vals/pkg/providers/sops/sops.go:78.10,79.106 1 0
github.com/helmfile/vals/pkg/providers/ssm/ssm.go:33.57,45.2 8 1
github.com/helmfile/vals/pkg/providers/ssm/ssm.go:48.58,49.32 1 0
github.com/helmfile/vals/pkg/providers/ssm/ssm.go:49.32,51.3 1 0
github.com/helmfile/vals/pkg/providers/ssm/ssm.go:52.2,52.21 1 0
github.com/helmfile/vals/pkg/providers/ssm/ssm.go:52.21,54.3 1 0
github.com/helmfile/vals/pkg/providers/ssm/ssm.go:56.2,63.16 4 0
github.com/helmfile/vals/pkg/providers/ssm/ssm.go:63.16,65.3 1 0
github.com/helmfile/vals/pkg/providers/ssm/ssm.go:67.2,67.26 1 0
github.com/helmfile/vals/pkg/providers/ssm/ssm.go:67.26,69.3 1 0
github.com/helmfile/vals/pkg/providers/ssm/ssm.go:71.2,71.32 1 0
github.com/helmfile/vals/pkg/providers/ssm/ssm.go:71.32,73.3 1 0
github.com/helmfile/vals/pkg/providers/ssm/ssm.go:74.2,76.34 2 0
github.com/helmfile/vals/pkg/providers/ssm/ssm.go:79.65,80.32 1 0
github.com/helmfile/vals/pkg/providers/ssm/ssm.go:80.32,82.3 1 0
github.com/helmfile/vals/pkg/providers/ssm/ssm.go:84.2,87.16 3 0
github.com/helmfile/vals/pkg/providers/ssm/ssm.go:87.16,89.3 1 0
github.com/helmfile/vals/pkg/providers/ssm/ssm.go:91.2,97.132 3 0
github.com/helmfile/vals/pkg/providers/ssm/ssm.go:97.132,98.40 1 0
github.com/helmfile/vals/pkg/providers/ssm/ssm.go:98.40,101.30 2 0
github.com/helmfile/vals/pkg/providers/ssm/ssm.go:101.30,103.5 1 0
github.com/helmfile/vals/pkg/providers/ssm/ssm.go:104.4,104.30 1 0
github.com/helmfile/vals/pkg/providers/ssm/ssm.go:104.30,107.5 2 0
github.com/helmfile/vals/pkg/providers/ssm/ssm.go:109.3,109.14 1 0
github.com/helmfile/vals/pkg/providers/ssm/ssm.go:110.17,112.3 1 0
github.com/helmfile/vals/pkg/providers/ssm/ssm.go:113.2,113.18 1 0
github.com/helmfile/vals/pkg/providers/ssm/ssm.go:113.18,116.3 2 0
github.com/helmfile/vals/pkg/providers/ssm/ssm.go:118.2,118.74 1 0
github.com/helmfile/vals/pkg/providers/ssm/ssm.go:121.77,122.32 1 1
github.com/helmfile/vals/pkg/providers/ssm/ssm.go:122.32,124.3 1 1
github.com/helmfile/vals/pkg/providers/ssm/ssm.go:126.2,126.29 1 1
github.com/helmfile/vals/pkg/providers/ssm/ssm.go:126.29,128.17 2 0
github.com/helmfile/vals/pkg/providers/ssm/ssm.go:128.17,130.4 1 0
github.com/helmfile/vals/pkg/providers/ssm/ssm.go:132.3,134.62 2 0
github.com/helmfile/vals/pkg/providers/ssm/ssm.go:134.62,136.4 1 0
github.com/helmfile/vals/pkg/providers/ssm/ssm.go:138.3,138.16 1 0
github.com/helmfile/vals/pkg/providers/ssm/ssm.go:141.2,152.111 5 1
github.com/helmfile/vals/pkg/providers/ssm/ssm.go:152.111,153.40 1 1
github.com/helmfile/vals/pkg/providers/ssm/ssm.go:153.40,156.4 2 1
github.com/helmfile/vals/pkg/providers/ssm/ssm.go:157.3,157.15 1 0
github.com/helmfile/vals/pkg/providers/ssm/ssm.go:158.17,160.3 1 0
github.com/helmfile/vals/pkg/providers/ssm/ssm.go:162.2,162.30 1 1
github.com/helmfile/vals/pkg/providers/ssm/ssm.go:162.30,164.3 1 0
github.com/helmfile/vals/pkg/providers/ssm/ssm.go:166.2,166.39 1 1
github.com/helmfile/vals/pkg/providers/ssm/ssm.go:166.39,170.21 3 4
github.com/helmfile/vals/pkg/providers/ssm/ssm.go:170.21,172.4 1 0
github.com/helmfile/vals/pkg/providers/ssm/ssm.go:174.3,182.31 5 4
github.com/helmfile/vals/pkg/providers/ssm/ssm.go:182.31,183.29 1 6
github.com/helmfile/vals/pkg/providers/ssm/ssm.go:183.29,185.5 1 4
github.com/helmfile/vals/pkg/providers/ssm/ssm.go:185.10,186.33 1 2
github.com/helmfile/vals/pkg/providers/ssm/ssm.go:186.33,188.6 1 0
github.com/helmfile/vals/pkg/providers/ssm/ssm.go:188.11,188.62 1 2
github.com/helmfile/vals/pkg/providers/ssm/ssm.go:188.62,189.22 1 1
github.com/helmfile/vals/pkg/providers/ssm/ssm.go:189.22,191.7 1 0
github.com/helmfile/vals/pkg/providers/ssm/ssm.go:196.6,196.43 1 1
github.com/helmfile/vals/pkg/providers/ssm/ssm.go:199.5,199.50 1 2
github.com/helmfile/vals/pkg/providers/ssm/ssm.go:204.2,206.17 2 1
github.com/helmfile/vals/pkg/providers/ssm/ssm.go:209.51,210.24 1 1
github.com/helmfile/vals/pkg/providers/ssm/ssm.go:210.24,212.3 1 1
github.com/helmfile/vals/pkg/providers/ssm/ssm.go:214.2,217.20 3 0
github.com/helmfile/vals/pkg/providers/tfstate/tfstate.go:21.58,27.2 5 0
github.com/helmfile/vals/pkg/providers/tfstate/tfstate.go:30.58,39.16 6 0
github.com/helmfile/vals/pkg/providers/tfstate/tfstate.go:39.16,41.3 1 0
github.com/helmfile/vals/pkg/providers/tfstate/tfstate.go:44.2,46.16 2 0
github.com/helmfile/vals/pkg/providers/tfstate/tfstate.go:46.16,48.3 1 0
github.com/helmfile/vals/pkg/providers/tfstate/tfstate.go:50.2,50.28 1 0
github.com/helmfile/vals/pkg/providers/tfstate/tfstate.go:63.71,67.24 3 0
github.com/helmfile/vals/pkg/providers/tfstate/tfstate.go:67.24,70.17 3 0
github.com/helmfile/vals/pkg/providers/tfstate/tfstate.go:70.17,72.4 1 0
github.com/helmfile/vals/pkg/providers/tfstate/tfstate.go:73.3,73.16 1 0
github.com/helmfile/vals/pkg/providers/tfstate/tfstate.go:73.16,75.4 1 0
github.com/helmfile/vals/pkg/providers/tfstate/tfstate.go:79.2,79.30 1 0
github.com/helmfile/vals/pkg/providers/tfstate/tfstate.go:79.30,82.17 3 0
github.com/helmfile/vals/pkg/providers/tfstate/tfstate.go:82.17,84.4 1 0
github.com/helmfile/vals/pkg/providers/tfstate/tfstate.go:85.3,85.16 1 0
github.com/helmfile/vals/pkg/providers/tfstate/tfstate.go:85.16,87.4 1 0
github.com/helmfile/vals/pkg/providers/tfstate/tfstate.go:90.2,90.19 1 0
github.com/helmfile/vals/pkg/providers/tfstate/tfstate.go:91.10,93.17 2 0
github.com/helmfile/vals/pkg/providers/tfstate/tfstate.go:93.17,95.4 1 0
github.com/helmfile/vals/pkg/providers/tfstate/tfstate.go:96.3,96.20 1 0
github.com/helmfile/vals/pkg/providers/tfstate/tfstate.go:97.10,100.17 3 0
github.com/helmfile/vals/pkg/providers/tfstate/tfstate.go:100.17,102.4 1 0
github.com/helmfile/vals/pkg/providers/tfstate/tfstate.go:103.3,103.20 1 0
github.com/helmfile/vals/pkg/providers/tfstate/tfstate.go:107.77,109.2 1 0
github.com/helmfile/vals/pkg/providers/vault/kv_helper.go:13.86,26.17 9 0
github.com/helmfile/vals/pkg/providers/vault/kv_helper.go:26.17,27.16 1 0
github.com/helmfile/vals/pkg/providers/vault/kv_helper.go:27.16,29.4 1 0
github.com/helmfile/vals/pkg/providers/vault/kv_helper.go:31.2,31.16 1 0
github.com/helmfile/vals/pkg/providers/vault/kv_helper.go:31.16,34.60 1 0
github.com/helmfile/vals/pkg/providers/vault/kv_helper.go:34.60,36.4 1 0
github.com/helmfile/vals/pkg/providers/vault/kv_helper.go:38.3,38.20 1 0
github.com/helmfile/vals/pkg/providers/vault/kv_helper.go:41.2,42.16 2 0
github.com/helmfile/vals/pkg/providers/vault/kv_helper.go:42.16,44.3 1 0
github.com/helmfile/vals/pkg/providers/vault/kv_helper.go:45.2,45.19 1 0
github.com/helmfile/vals/pkg/providers/vault/kv_helper.go:45.19,47.3 1 0
github.com/helmfile/vals/pkg/providers/vault/kv_helper.go:48.2,49.49 2 0
github.com/helmfile/vals/pkg/providers/vault/kv_helper.go:49.49,51.3 1 0
github.com/helmfile/vals/pkg/providers/vault/kv_helper.go:52.2,53.20 2 0
github.com/helmfile/vals/pkg/providers/vault/kv_helper.go:53.20,55.3 1 0
github.com/helmfile/vals/pkg/providers/vault/kv_helper.go:56.2,57.23 2 0
github.com/helmfile/vals/pkg/providers/vault/kv_helper.go:57.23,59.3 1 0
github.com/helmfile/vals/pkg/providers/vault/kv_helper.go:60.2,61.17 2 0
github.com/helmfile/vals/pkg/providers/vault/kv_helper.go:62.15,63.27 1 0
github.com/helmfile/vals/pkg/providers/vault/kv_helper.go:64.11,65.27 1 0
github.com/helmfile/vals/pkg/providers/vault/kv_helper.go:68.2,68.26 1 0
github.com/helmfile/vals/pkg/providers/vault/kv_helper.go:71.68,73.16 2 0
github.com/helmfile/vals/pkg/providers/vault/kv_helper.go:73.16,75.3 1 0
github.com/helmfile/vals/pkg/providers/vault/kv_helper.go:77.2,77.37 1 0
github.com/helmfile/vals/pkg/providers/vault/kv_helper.go:80.64,81.9 1 0
github.com/helmfile/vals/pkg/providers/vault/kv_helper.go:82.63,83.41 1 0
github.com/helmfile/vals/pkg/providers/vault/kv_helper.go:84.10,86.44 2 0
github.com/helmfile/vals/pkg/providers/vault/vault.go:43.57,48.19 3 0
github.com/helmfile/vals/pkg/providers/vault/vault.go:48.19,50.3 1 0
github.com/helmfile/vals/pkg/providers/vault/vault.go:51.2,53.21 3 0
github.com/helmfile/vals/pkg/providers/vault/vault.go:53.21,54.19 1 0
github.com/helmfile/vals/pkg/providers/vault/vault.go:54.19,56.4 1 0
github.com/helmfile/vals/pkg/providers/vault/vault.go:56.9,58.4 1 0
github.com/helmfile/vals/pkg/providers/vault/vault.go:60.2,64.24 5 0
github.com/helmfile/vals/pkg/providers/vault/vault.go:64.24,65.50 1 0
github.com/helmfile/vals/pkg/providers/vault/vault.go:65.50,67.4 1 0
github.com/helmfile/vals/pkg/providers/vault/vault.go:67.9,67.60 1 0
github.com/helmfile/vals/pkg/providers/vault/vault.go:67.60,69.4 1 0
github.com/helmfile/vals/pkg/providers/vault/vault.go:69.9,71.4 1 0
github.com/helmfile/vals/pkg/providers/vault/vault.go:73.2,74.20 2 0
github.com/helmfile/vals/pkg/providers/vault/vault.go:74.20,75.39 1 0
github.com/helmfile/vals/pkg/providers/vault/vault.go:75.39,77.4 1 0
github.com/helmfile/vals/pkg/providers/vault/vault.go:77.9,79.4 1 0
github.com/helmfile/vals/pkg/providers/vault/vault.go:81.2,82.22 2 0
github.com/helmfile/vals/pkg/providers/vault/vault.go:82.22,83.41 1 0
github.com/helmfile/vals/pkg/providers/vault/vault.go:83.41,85.4 1 0
github.com/helmfile/vals/pkg/providers/vault/vault.go:85.9,87.4 1 0
github.com/helmfile/vals/pkg/providers/vault/vault.go:89.2,91.10 2 0
github.com/helmfile/vals/pkg/providers/vault/vault.go:95.58,102.16 6 0
github.com/helmfile/vals/pkg/providers/vault/vault.go:102.16,105.3 2 0
github.com/helmfile/vals/pkg/providers/vault/vault.go:107.2,107.27 1 0
github.com/helmfile/vals/pkg/providers/vault/vault.go:107.27,108.15 1 0
github.com/helmfile/vals/pkg/providers/vault/vault.go:108.15,110.4 1 0
github.com/helmfile/vals/pkg/providers/vault/vault.go:113.2,113.84 1 0
github.com/helmfile/vals/pkg/providers/vault/vault.go:116.77,118.16 2 0
github.com/helmfile/vals/pkg/providers/vault/vault.go:118.16,120.3 1 0
github.com/helmfile/vals/pkg/providers/vault/vault.go:122.2,123.16 2 0
github.com/helmfile/vals/pkg/providers/vault/vault.go:123.16,125.3 1 0
github.com/helmfile/vals/pkg/providers/vault/vault.go:127.2,127.8 1 0
github.com/helmfile/vals/pkg/providers/vault/vault.go:127.8,129.3 1 0
github.com/helmfile/vals/pkg/providers/vault/vault.go:131.2,134.21 3 0
github.com/helmfile/vals/pkg/providers/vault/vault.go:134.21,136.3 1 0
github.com/helmfile/vals/pkg/providers/vault/vault.go:138.2,139.16 2 0
github.com/helmfile/vals/pkg/providers/vault/vault.go:139.16,142.3 2 0
github.com/helmfile/vals/pkg/providers/vault/vault.go:144.2,144.19 1 0
github.com/helmfile/vals/pkg/providers/vault/vault.go:144.19,146.3 1 0
github.com/helmfile/vals/pkg/providers/vault/vault.go:149.2,152.8 2 0
github.com/helmfile/vals/pkg/providers/vault/vault.go:152.8,153.39 1 0
github.com/helmfile/vals/pkg/providers/vault/vault.go:153.39,154.65 1 0
github.com/helmfile/vals/pkg/providers/vault/vault.go:154.65,156.5 1 0
github.com/helmfile/vals/pkg/providers/vault/vault.go:160.2,160.28 1 0
github.com/helmfile/vals/pkg/providers/vault/vault.go:160.28,162.3 1 0
github.com/helmfile/vals/pkg/providers/vault/vault.go:164.2,164.17 1 0
github.com/helmfile/vals/pkg/providers/vault/vault.go:167.58,168.21 1 0
github.com/helmfile/vals/pkg/providers/vault/vault.go:168.21,170.22 2 0
github.com/helmfile/vals/pkg/providers/vault/vault.go:170.22,172.4 1 0
github.com/helmfile/vals/pkg/providers/vault/vault.go:173.3,173.47 1 0
github.com/helmfile/vals/pkg/providers/vault/vault.go:173.47,174.77 1 0
github.com/helmfile/vals/pkg/providers/vault/vault.go:174.77,176.5 1 0
github.com/helmfile/vals/pkg/providers/vault/vault.go:178.3,179.17 2 0
github.com/helmfile/vals/pkg/providers/vault/vault.go:179.17,182.4 2 0
github.com/helmfile/vals/pkg/providers/vault/vault.go:183.3,183.24 1 0
github.com/helmfile/vals/pkg/providers/vault/vault.go:183.24,185.4 1 0
github.com/helmfile/vals/pkg/providers/vault/vault.go:187.3,187.23 1 0
github.com/helmfile/vals/pkg/providers/vault/vault.go:188.16,189.24 1 0
github.com/helmfile/vals/pkg/providers/vault/vault.go:189.24,191.20 2 0
github.com/helmfile/vals/pkg/providers/vault/vault.go:191.20,193.6 1 0
github.com/helmfile/vals/pkg/providers/vault/vault.go:194.5,194.24 1 0
github.com/helmfile/vals/pkg/providers/vault/vault.go:197.4,197.25 1 0
github.com/helmfile/vals/pkg/providers/vault/vault.go:197.25,199.19 2 0
github.com/helmfile/vals/pkg/providers/vault/vault.go:199.19,201.6 1 0
github.com/helmfile/vals/pkg/providers/vault/vault.go:202.5,202.24 1 0
github.com/helmfile/vals/pkg/providers/vault/vault.go:207.4,207.25 1 0
github.com/helmfile/vals/pkg/providers/vault/vault.go:207.25,210.24 2 0
github.com/helmfile/vals/pkg/providers/vault/vault.go:210.24,212.23 2 0
github.com/helmfile/vals/pkg/providers/vault/vault.go:212.23,214.7 1 0
github.com/helmfile/vals/pkg/providers/vault/vault.go:216.5,216.24 1 0
github.com/helmfile/vals/pkg/providers/vault/vault.go:216.24,218.21 2 0
github.com/helmfile/vals/pkg/providers/vault/vault.go:218.21,220.7 1 0
github.com/helmfile/vals/pkg/providers/vault/vault.go:223.18,230.11 3 0
github.com/helmfile/vals/pkg/providers/vault/vault.go:230.11,232.5 1 0
github.com/helmfile/vals/pkg/providers/vault/vault.go:234.4,237.18 3 0
github.com/helmfile/vals/pkg/providers/vault/vault.go:237.18,239.5 1 0
github.com/helmfile/vals/pkg/providers/vault/vault.go:241.4,241.24 1 0
github.com/helmfile/vals/pkg/providers/vault/vault.go:241.24,243.5 1 0
github.com/helmfile/vals/pkg/providers/vault/vault.go:245.4,245.39 1 0
github.com/helmfile/vals/pkg/providers/vault/vault.go:246.21,248.17 2 0
github.com/helmfile/vals/pkg/providers/vault/vault.go:248.17,250.5 1 0
github.com/helmfile/vals/pkg/providers/vault/vault.go:251.4,251.18 1 0
github.com/helmfile/vals/pkg/providers/vault/vault.go:251.18,253.5 1 0
github.com/helmfile/vals/pkg/providers/vault/vault.go:254.4,255.18 2 0
github.com/helmfile/vals/pkg/providers/vault/vault.go:255.18,257.5 1 0
github.com/helmfile/vals/pkg/providers/vault/vault.go:259.4,264.11 3 0
github.com/helmfile/vals/pkg/providers/vault/vault.go:264.11,266.5 1 0
github.com/helmfile/vals/pkg/providers/vault/vault.go:268.4,271.18 3 0
github.com/helmfile/vals/pkg/providers/vault/vault.go:271.18,273.5 1 0
github.com/helmfile/vals/pkg/providers/vault/vault.go:275.4,275.24 1 0
github.com/helmfile/vals/pkg/providers/vault/vault.go:275.24,277.5 1 0
github.com/helmfile/vals/pkg/providers/vault/vault.go:279.4,279.39 1 0
github.com/helmfile/vals/pkg/providers/vault/vault.go:281.3,281.17 1 0
github.com/helmfile/vals/pkg/providers/vault/vault.go:283.2,283.22 1 0
github.com/helmfile/vals/pkg/providers/vault/vault.go:286.63,288.16 2 0
github.com/helmfile/vals/pkg/providers/vault/vault.go:288.16,290.3 1 0
github.com/helmfile/vals/pkg/providers/vault/vault.go:291.2,291.26 1 0
github.com/helmfile/vals/pkg/providers/yclockbox/yclockbox.go:27.57,29.9 2 0
github.com/helmfile/vals/pkg/providers/yclockbox/yclockbox.go:29.9,31.3 1 0
github.com/helmfile/vals/pkg/providers/yclockbox/yclockbox.go:33.2,42.16 2 0
github.com/helmfile/vals/pkg/providers/yclockbox/yclockbox.go:42.16,45.3 2 0
github.com/helmfile/vals/pkg/providers/yclockbox/yclockbox.go:47.2,52.61 2 0
github.com/helmfile/vals/pkg/providers/yclockbox/yclockbox.go:52.61,54.3 1 0
github.com/helmfile/vals/pkg/providers/yclockbox/yclockbox.go:56.2,56.10 1 0
github.com/helmfile/vals/pkg/providers/yclockbox/yclockbox.go:59.58,60.14 1 0
github.com/helmfile/vals/pkg/providers/yclockbox/yclockbox.go:60.14,62.3 1 0
github.com/helmfile/vals/pkg/providers/yclockbox/yclockbox.go:63.2,65.16 2 0
github.com/helmfile/vals/pkg/providers/yclockbox/yclockbox.go:65.16,68.3 2 0
github.com/helmfile/vals/pkg/providers/yclockbox/yclockbox.go:70.2,72.16 2 0
github.com/helmfile/vals/pkg/providers/yclockbox/yclockbox.go:72.16,75.3 2 0
github.com/helmfile/vals/pkg/providers/yclockbox/yclockbox.go:77.2,77.25 1 0
github.com/helmfile/vals/pkg/providers/yclockbox/yclockbox.go:80.69,81.14 1 0
github.com/helmfile/vals/pkg/providers/yclockbox/yclockbox.go:81.14,83.3 1 0
github.com/helmfile/vals/pkg/providers/yclockbox/yclockbox.go:84.2,91.16 2 0
github.com/helmfile/vals/pkg/providers/yclockbox/yclockbox.go:91.16,94.3 2 0
github.com/helmfile/vals/pkg/providers/yclockbox/yclockbox.go:96.2,98.39 2 0
github.com/helmfile/vals/pkg/providers/yclockbox/yclockbox.go:98.39,100.33 2 0
github.com/helmfile/vals/pkg/providers/yclockbox/yclockbox.go:100.33,102.4 1 0
github.com/helmfile/vals/pkg/providers/yclockbox/yclockbox.go:102.9,104.4 1 0
github.com/helmfile/vals/pkg/providers/yclockbox/yclockbox.go:105.3,105.30 1 0
github.com/helmfile/vals/pkg/providers/yclockbox/yclockbox.go:108.2,108.17 1 0
github.com/helmfile/vals/pkg/stringmapprovider/stringmapprovider.go:22.93,25.13 2 0
github.com/helmfile/vals/pkg/stringmapprovider/stringmapprovider.go:26.12,27.35 1 0
github.com/helmfile/vals/pkg/stringmapprovider/stringmapprovider.go:28.13,29.35 1 0
github.com/helmfile/vals/pkg/stringmapprovider/stringmapprovider.go:30.15,31.37 1 0
github.com/helmfile/vals/pkg/stringmapprovider/stringmapprovider.go:32.20,33.42 1 0
github.com/helmfile/vals/pkg/stringmapprovider/stringmapprovider.go:34.14,35.36 1 0
github.com/helmfile/vals/pkg/stringmapprovider/stringmapprovider.go:36.20,37.39 1 0
github.com/helmfile/vals/pkg/stringmapprovider/stringmapprovider.go:38.23,39.42 1 0
github.com/helmfile/vals/pkg/stringmapprovider/stringmapprovider.go:40.16,41.35 1 0
github.com/helmfile/vals/pkg/stringmapprovider/stringmapprovider.go:42.28,43.47 1 0
github.com/helmfile/vals/pkg/stringmapprovider/stringmapprovider.go:44.17,45.39 1 0
github.com/helmfile/vals/pkg/stringmapprovider/stringmapprovider.go:46.14,47.36 1 0
github.com/helmfile/vals/pkg/stringmapprovider/stringmapprovider.go:48.13,49.30 1 0
github.com/helmfile/vals/pkg/stringmapprovider/stringmapprovider.go:50.18,51.40 1 0
github.com/helmfile/vals/pkg/stringmapprovider/stringmapprovider.go:54.2,54.93 1 0
github.com/helmfile/vals/pkg/stringprovider/stringprovider.go:30.90,33.13 2 0
github.com/helmfile/vals/pkg/stringprovider/stringprovider.go:34.12,35.34 1 0
github.com/helmfile/vals/pkg/stringprovider/stringprovider.go:36.13,37.32 1 0
github.com/helmfile/vals/pkg/stringprovider/stringprovider.go:38.13,39.35 1 0
github.com/helmfile/vals/pkg/stringprovider/stringprovider.go:40.15,41.37 1 0
github.com/helmfile/vals/pkg/stringprovider/stringprovider.go:42.16,43.35 1 0
github.com/helmfile/vals/pkg/stringprovider/stringprovider.go:44.20,45.42 1 0
github.com/helmfile/vals/pkg/stringprovider/stringprovider.go:46.14,47.36 1 0
github.com/helmfile/vals/pkg/stringprovider/stringprovider.go:48.20,49.39 1 0
github.com/helmfile/vals/pkg/stringprovider/stringprovider.go:50.17,51.40 1 0
github.com/helmfile/vals/pkg/stringprovider/stringprovider.go:52.19,53.42 1 0
github.com/helmfile/vals/pkg/stringprovider/stringprovider.go:54.19,55.42 1 0
github.com/helmfile/vals/pkg/stringprovider/stringprovider.go:56.24,57.47 1 0
github.com/helmfile/vals/pkg/stringprovider/stringprovider.go:58.23,59.46 1 0
github.com/helmfile/vals/pkg/stringprovider/stringprovider.go:60.23,61.42 1 0
github.com/helmfile/vals/pkg/stringprovider/stringprovider.go:62.16,63.35 1 0
github.com/helmfile/vals/pkg/stringprovider/stringprovider.go:64.21,65.40 1 0
github.com/helmfile/vals/pkg/stringprovider/stringprovider.go:66.28,67.47 1 0
github.com/helmfile/vals/pkg/stringprovider/stringprovider.go:68.17,69.39 1 0
github.com/helmfile/vals/pkg/stringprovider/stringprovider.go:70.24,71.56 1 0
github.com/helmfile/vals/pkg/stringprovider/stringprovider.go:72.14,73.36 1 0
github.com/helmfile/vals/pkg/stringprovider/stringprovider.go:74.13,75.30 1 0
github.com/helmfile/vals/pkg/stringprovider/stringprovider.go:76.16,77.38 1 0
github.com/helmfile/vals/pkg/stringprovider/stringprovider.go:78.25,79.47 1 0
github.com/helmfile/vals/pkg/stringprovider/stringprovider.go:80.18,81.40 1 0
github.com/helmfile/vals/pkg/stringprovider/stringprovider.go:84.2,84.89 1 0
